The system is: Linux - 3.10.0-693.el7.x86_64 - x86_64
Compiling the C compiler identification source file "CMakeCCompilerId.c" succeeded.
Compiler: /opt/ohpc/pub/compiler/intel-18/compilers_and_libraries_2018.2.199/linux/mpi/intel64/bin_ohpc/mpicc 
Build flags: 
Id flags: 

The output was:
0


Compilation of the C compiler identification source "CMakeCCompilerId.c" produced "a.out"

The C compiler identification is Intel, found in "/home/lele/zbarbeau/Codes/PadeOps/src/derivatives/CMakeFiles/2.8.12.2/CompilerIdC/a.out"

Compiling the CXX compiler identification source file "CMakeCXXCompilerId.cpp" succeeded.
Compiler: /opt/ohpc/pub/compiler/intel-18/compilers_and_libraries_2018.2.199/linux/mpi/intel64/bin_ohpc/mpicxx 
Build flags: 
Id flags: 

The output was:
0


Compilation of the CXX compiler identification source "CMakeCXXCompilerId.cpp" produced "a.out"

The CXX compiler identification is Intel, found in "/home/lele/zbarbeau/Codes/PadeOps/src/derivatives/CMakeFiles/2.8.12.2/CompilerIdCXX/a.out"

Determining if the C compiler works passed with the following output:
Change Dir: /home/lele/zbarbeau/Codes/PadeOps/src/derivatives/CMakeFiles/CMakeTmp

Run Build Command:/usr/bin/gmake "cmTryCompileExec1674400898/fast"
/usr/bin/gmake -f CMakeFiles/cmTryCompileExec1674400898.dir/build.make CMakeFiles/cmTryCompileExec1674400898.dir/build
gmake[1]: Entering directory `/home/lele/zbarbeau/Codes/PadeOps/src/derivatives/CMakeFiles/CMakeTmp'
/usr/bin/cmake -E cmake_progress_report /home/lele/zbarbeau/Codes/PadeOps/src/derivatives/CMakeFiles/CMakeTmp/CMakeFiles 1
Building C object CMakeFiles/cmTryCompileExec1674400898.dir/testCCompiler.c.o
/opt/ohpc/pub/compiler/intel-18/compilers_and_libraries_2018.2.199/linux/mpi/intel64/bin_ohpc/mpicc    -o CMakeFiles/cmTryCompileExec1674400898.dir/testCCompiler.c.o   -c /home/lele/zbarbeau/Codes/PadeOps/src/derivatives/CMakeFiles/CMakeTmp/testCCompiler.c
Linking C executable cmTryCompileExec1674400898
/usr/bin/cmake -E cmake_link_script CMakeFiles/cmTryCompileExec1674400898.dir/link.txt --verbose=1
/opt/ohpc/pub/compiler/intel-18/compilers_and_libraries_2018.2.199/linux/mpi/intel64/bin_ohpc/mpicc       CMakeFiles/cmTryCompileExec1674400898.dir/testCCompiler.c.o  -o cmTryCompileExec1674400898 -rdynamic 
gmake[1]: Leaving directory `/home/lele/zbarbeau/Codes/PadeOps/src/derivatives/CMakeFiles/CMakeTmp'


Detecting C compiler ABI info compiled with the following output:
Change Dir: /home/lele/zbarbeau/Codes/PadeOps/src/derivatives/CMakeFiles/CMakeTmp

Run Build Command:/usr/bin/gmake "cmTryCompileExec3235545658/fast"
/usr/bin/gmake -f CMakeFiles/cmTryCompileExec3235545658.dir/build.make CMakeFiles/cmTryCompileExec3235545658.dir/build
gmake[1]: Entering directory `/home/lele/zbarbeau/Codes/PadeOps/src/derivatives/CMakeFiles/CMakeTmp'
/usr/bin/cmake -E cmake_progress_report /home/lele/zbarbeau/Codes/PadeOps/src/derivatives/CMakeFiles/CMakeTmp/CMakeFiles 1
Building C object CMakeFiles/cmTryCompileExec3235545658.dir/CMakeCCompilerABI.c.o
/opt/ohpc/pub/compiler/intel-18/compilers_and_libraries_2018.2.199/linux/mpi/intel64/bin_ohpc/mpicc    -o CMakeFiles/cmTryCompileExec3235545658.dir/CMakeCCompilerABI.c.o   -c /usr/share/cmake/Modules/CMakeCCompilerABI.c
Linking C executable cmTryCompileExec3235545658
/usr/bin/cmake -E cmake_link_script CMakeFiles/cmTryCompileExec3235545658.dir/link.txt --verbose=1
/opt/ohpc/pub/compiler/intel-18/compilers_and_libraries_2018.2.199/linux/mpi/intel64/bin_ohpc/mpicc     -v CMakeFiles/cmTryCompileExec3235545658.dir/CMakeCCompilerABI.c.o  -o cmTryCompileExec3235545658 -rdynamic  
mpicc for the Intel(R) MPI Library 2018 Update 2 for Linux*
Copyright(C) 2003-2018, Intel Corporation.  All rights reserved.
icc version 18.0.2 (gcc version 4.8.5 compatibility)
/opt/ohpc/pub/compiler/intel-18/compilers_and_libraries_2018.2.199/linux/bin/intel64/mcpcom    -mGLOB_em64t=TRUE -mP1OPT_version=18.0-intel64 -mGLOB_diag_file=CMakeFiles/cmTryCompileExec3235545658.dir/CMakeCCompilerABI.c.diag -mGLOB_long_size_64 -mGLOB_routine_pointer_size_64 -mP1OPT_print_version=FALSE -mCG_use_gas_got_workaround=F -mP2OPT_align_option_used=TRUE -mGLOB_gcc_version=485 "-mGLOB_options_string=-I/opt/ohpc/pub/compiler/intel-18/compilers_and_libraries_2018.2.199/linux/mpi/intel64/include -v -o cmTryCompileExec3235545658 -rdynamic -L/opt/ohpc/pub/compiler/intel-18/compilers_and_libraries_2018.2.199/linux/mpi/intel64/lib/release_mt -L/opt/ohpc/pub/compiler/intel-18/compilers_and_libraries_2018.2.199/linux/mpi/intel64/lib -Xlinker --enable-new-dtags -Xlinker -rpath -Xlinker /opt/ohpc/pub/compiler/intel-18/compilers_and_libraries_2018.2.199/linux/mpi/intel64/lib/release_mt -Xlinker -rpath -Xlinker /opt/ohpc/pub/compiler/intel-18/compilers_and_libraries_2018.2.199/linux/mpi/intel64/lib -Xlinker -rpath -Xlinker /opt/intel/mpi-rt/2017.0.0/intel64/lib/release_mt -Xlinker -rpath -Xlinker /opt/intel/mpi-rt/2017.0.0/intel64/lib -lmpifort -lmpi -lmpigi -ldl -lrt -lpthread" -mGLOB_cxx_limited_range=FALSE -mCG_extend_parms=FALSE -mGLOB_compiler_bin_directory=/opt/ohpc/pub/compiler/intel-18/compilers_and_libraries_2018.2.199/linux/bin/intel64 -mGLOB_as_output_backup_file_name=/tmp/iccr0kuPfas_.s -mGLOB_dashboard_use_source_name -mIPOPT_activate -mGLOB_product_id_code=0x22006d92 -mP3OPT_use_mspp_call_convention -mP2OPT_subs_out_of_bound=FALSE -mP2OPT_disam_type_based_disam=2 -mP2OPT_disam_assume_ansi_c -mP2OPT_checked_disam_ansi_alias=TRUE -mGLOB_ansi_alias -mPGOPTI_value_profile_use=T -mGLOB_opt_report_use_source_name -mP2OPT_il0_array_sections=TRUE -mGLOB_offload_mode=1 -mP2OPT_offload_unique_var_string=icc20307260371d6dqV -mP2OPT_hlo -mP2OPT_hpo_rtt_control=0 -mIPOPT_args_in_regs=0 -mP2OPT_disam_assume_nonstd_intent_in=FALSE -mGLOB_imf_mapping_library=/opt/ohpc/pub/compiler/intel-18/compilers_and_libraries_2018.2.199/linux/bin/intel64/libiml_attr.so -mPGOPTI_gen_threadsafe_level=0 -mIPOPT_link -mIPOPT_ipo_activate -mIPOPT_mo_activate -mIPOPT_source_files_list=/tmp/iccslisRmT9KP -mIPOPT_mo_global_data -mIPOPT_link_script_file=/tmp/iccscriptNDzDrY "-mIPOPT_cmdline_link="/usr/lib/gcc/x86_64-redhat-linux/4.8.5/../../../../lib64/crt1.o" "/usr/lib/gcc/x86_64-redhat-linux/4.8.5/../../../../lib64/crti.o" "/usr/lib/gcc/x86_64-redhat-linux/4.8.5/crtbegin.o" "-export-dynamic" "--eh-frame-hdr" "--build-id" "-dynamic-linker" "/lib64/ld-linux-x86-64.so.2" "-m" "elf_x86_64" "-L/opt/ohpc/pub/compiler/intel-18/compilers_and_libraries_2018.2.199/linux/mpi/intel64/lib/release_mt" "-L/opt/ohpc/pub/compiler/intel-18/compilers_and_libraries_2018.2.199/linux/mpi/intel64/lib" "-o" "cmTryCompileExec3235545658" "-L/opt/ohpc/pub/compiler/intel-18/compilers_and_libraries_2018.2.199/linux/ipp/lib/intel64" "-L/opt/ohpc/pub/compiler/intel-18/compilers_and_libraries_2018.2.199/linux/compiler/lib/intel64_lin" "-L/opt/ohpc/pub/compiler/intel-18/compilers_and_libraries_2018.2.199/linux/mkl/lib/intel64_lin" "-L/opt/ohpc/pub/compiler/intel-18/compilers_and_libraries_2018.2.199/linux/tbb/lib/intel64/gcc4.1" "-L/opt/ohpc/pub/compiler/intel-18/compilers_and_libraries_2018.2.199/linux/daal/lib/intel64_lin" "-L/opt/ohpc/pub/compiler/intel-18/compilers_and_libraries_2018.2.199/linux/daal/../tbb/lib/intel64_lin/gcc4.4" "-L/opt/ohpc/pub/compiler/intel-18/compilers_and_libraries_2018.2.199/linux/compiler/lib/intel64_lin" "-L/usr/lib/gcc/x86_64-redhat-linux/4.8.5/" "-L/usr/lib/gcc/x86_64-redhat-linux/4.8.5/../../../../lib64" "-L/usr/lib/gcc/x86_64-redhat-linux/4.8.5/../../../../lib64/" "-L/lib/../lib64" "-L/lib/../lib64/" "-L/usr/lib/../lib64" "-L/usr/lib/../lib64/" "-L/opt/ohpc/pub/compiler/intel-18/compilers_and_libraries_2018.2.199/linux/ipp/lib/intel64/" "-L/opt/ohpc/pub/compiler/intel-18/compilers_and_libraries_2018.2.199/linux/compiler/lib/intel64_lin/" "-L/opt/ohpc/pub/compiler/intel-18/compilers_and_libraries_2018.2.199/linux/mkl/lib/intel64_lin/" "-L/opt/ohpc/pub/compiler/intel-18/compilers_and_libraries_2018.2.199/linux/tbb/lib/intel64/gcc4.1/" "-L/opt/ohpc/pub/compiler/intel-18/compilers_and_libraries_2018.2.199/linux/daal/lib/intel64_lin/" "-L/opt/ohpc/pub/compiler/intel-18/compilers_and_libraries_2018.2.199/linux/daal/../tbb/lib/intel64_lin/gcc4.4/" "-L/usr/lib/gcc/x86_64-redhat-linux/4.8.5/../../../" "-L/lib64" "-L/lib/" "-L/usr/lib64" "-L/usr/lib" "CMakeFiles/cmTryCompileExec3235545658.dir/CMakeCCompilerABI.c.o" "--enable-new-dtags" "-rpath" "/opt/ohpc/pub/compiler/intel-18/compilers_and_libraries_2018.2.199/linux/mpi/intel64/lib/release_mt" "-rpath" "/opt/ohpc/pub/compiler/intel-18/compilers_and_libraries_2018.2.199/linux/mpi/intel64/lib" "-rpath" "/opt/intel/mpi-rt/2017.0.0/intel64/lib/release_mt" "-rpath" "/opt/intel/mpi-rt/2017.0.0/intel64/lib" "-lmpifort" "-lmpi" "-lmpigi" "-ldl" "-lrt" "-lpthread" "-Bdynamic" "-Bstatic" "-limf" "-lsvml" "-lirng" "-Bdynamic" "-lm" "-Bstatic" "-lipgo" "-ldecimal" "--as-needed" "-Bdynamic" "-lcilkrts" "-lstdc++" "--no-as-needed" "-lgcc" "-lgcc_s" "-Bstatic" "-lirc" "-lsvml" "-Bdynamic" "-lc" "-lgcc" "-lgcc_s" "-Bstatic" "-lirc_s" "-Bdynamic" "-ldl" "-lc" "/usr/lib/gcc/x86_64-redhat-linux/4.8.5/crtend.o" "/usr/lib/gcc/x86_64-redhat-linux/4.8.5/../../../../lib64/crtn.o"" -mIPOPT_il_in_obj -mIPOPT_ipo_activate_warn=FALSE -mIPOPT_obj_output_file_name=/tmp/ipo_icc19xjEZ.o -mIPOPT_whole_archive_fixup_file_name=/tmp/iccwarchJxv7WF -mGLOB_linker_version=2.27 -mGLOB_driver_tempfile_name=/tmp/icctempfilePK0CFO -mP3OPT_asm_target=P3OPT_ASM_TARGET_GAS -mGLOB_async_unwind_tables=TRUE -mGLOB_obj_output_file=/tmp/ipo_icc19xjEZ.o -mGLOB_source_dialect=GLOB_SOURCE_DIALECT_NONE -mP1OPT_source_file_name=ipo_out.c CMakeFiles/cmTryCompileExec3235545658.dir/CMakeCCompilerABI.c.o -mIPOPT_object_files=T -mIPOPT_assembly_files=/tmp/iccalisFKZf1g -mIPOPT_generated_tempfiles=/tmp/iccelisvglJHp -mIPOPT_embedded_object_base_name=/tmp/icceobjpsMcoy -mIPOPT_cmdline_link_new_name=/tmp/iccllisf4iG4G
ld    /usr/lib/gcc/x86_64-redhat-linux/4.8.5/../../../../lib64/crt1.o /usr/lib/gcc/x86_64-redhat-linux/4.8.5/../../../../lib64/crti.o /usr/lib/gcc/x86_64-redhat-linux/4.8.5/crtbegin.o -export-dynamic --eh-frame-hdr --build-id -dynamic-linker /lib64/ld-linux-x86-64.so.2 -m elf_x86_64 -L/opt/ohpc/pub/compiler/intel-18/compilers_and_libraries_2018.2.199/linux/mpi/intel64/lib/release_mt -L/opt/ohpc/pub/compiler/intel-18/compilers_and_libraries_2018.2.199/linux/mpi/intel64/lib -o cmTryCompileExec3235545658 -L/opt/ohpc/pub/compiler/intel-18/compilers_and_libraries_2018.2.199/linux/ipp/lib/intel64 -L/opt/ohpc/pub/compiler/intel-18/compilers_and_libraries_2018.2.199/linux/compiler/lib/intel64_lin -L/opt/ohpc/pub/compiler/intel-18/compilers_and_libraries_2018.2.199/linux/mkl/lib/intel64_lin -L/opt/ohpc/pub/compiler/intel-18/compilers_and_libraries_2018.2.199/linux/tbb/lib/intel64/gcc4.1 -L/opt/ohpc/pub/compiler/intel-18/compilers_and_libraries_2018.2.199/linux/daal/lib/intel64_lin -L/opt/ohpc/pub/compiler/intel-18/compilers_and_libraries_2018.2.199/linux/daal/../tbb/lib/intel64_lin/gcc4.4 -L/opt/ohpc/pub/compiler/intel-18/compilers_and_libraries_2018.2.199/linux/compiler/lib/intel64_lin -L/usr/lib/gcc/x86_64-redhat-linux/4.8.5/ -L/usr/lib/gcc/x86_64-redhat-linux/4.8.5/../../../../lib64 -L/usr/lib/gcc/x86_64-redhat-linux/4.8.5/../../../../lib64/ -L/lib/../lib64 -L/lib/../lib64/ -L/usr/lib/../lib64 -L/usr/lib/../lib64/ -L/opt/ohpc/pub/compiler/intel-18/compilers_and_libraries_2018.2.199/linux/ipp/lib/intel64/ -L/opt/ohpc/pub/compiler/intel-18/compilers_and_libraries_2018.2.199/linux/compiler/lib/intel64_lin/ -L/opt/ohpc/pub/compiler/intel-18/compilers_and_libraries_2018.2.199/linux/mkl/lib/intel64_lin/ -L/opt/ohpc/pub/compiler/intel-18/compilers_and_libraries_2018.2.199/linux/tbb/lib/intel64/gcc4.1/ -L/opt/ohpc/pub/compiler/intel-18/compilers_and_libraries_2018.2.199/linux/daal/lib/intel64_lin/ -L/opt/ohpc/pub/compiler/intel-18/compilers_and_libraries_2018.2.199/linux/daal/../tbb/lib/intel64_lin/gcc4.4/ -L/usr/lib/gcc/x86_64-redhat-linux/4.8.5/../../../ -L/lib64 -L/lib/ -L/usr/lib64 -L/usr/lib CMakeFiles/cmTryCompileExec3235545658.dir/CMakeCCompilerABI.c.o --enable-new-dtags -rpath /opt/ohpc/pub/compiler/intel-18/compilers_and_libraries_2018.2.199/linux/mpi/intel64/lib/release_mt -rpath /opt/ohpc/pub/compiler/intel-18/compilers_and_libraries_2018.2.199/linux/mpi/intel64/lib -rpath /opt/intel/mpi-rt/2017.0.0/intel64/lib/release_mt -rpath /opt/intel/mpi-rt/2017.0.0/intel64/lib -lmpifort -lmpi -lmpigi -ldl -lrt -lpthread -Bdynamic -Bstatic -limf -lsvml -lirng -Bdynamic -lm -Bstatic -lipgo -ldecimal --as-needed -Bdynamic -lcilkrts -lstdc++ --no-as-needed -lgcc -lgcc_s -Bstatic -lirc -lsvml -Bdynamic -lc -lgcc -lgcc_s -Bstatic -lirc_s -Bdynamic -ldl -lc /usr/lib/gcc/x86_64-redhat-linux/4.8.5/crtend.o /usr/lib/gcc/x86_64-redhat-linux/4.8.5/../../../../lib64/crtn.o
gmake[1]: Leaving directory `/home/lele/zbarbeau/Codes/PadeOps/src/derivatives/CMakeFiles/CMakeTmp'


Parsed C implicit link information from above output:
  link line regex: [^( *|.*[/\])(ld|([^/\]+-)?ld|collect2)[^/\]*( |$)]
  ignore line: [Change Dir: /home/lele/zbarbeau/Codes/PadeOps/src/derivatives/CMakeFiles/CMakeTmp]
  ignore line: []
  ignore line: [Run Build Command:/usr/bin/gmake "cmTryCompileExec3235545658/fast"]
  ignore line: [/usr/bin/gmake -f CMakeFiles/cmTryCompileExec3235545658.dir/build.make CMakeFiles/cmTryCompileExec3235545658.dir/build]
  ignore line: [gmake[1]: Entering directory `/home/lele/zbarbeau/Codes/PadeOps/src/derivatives/CMakeFiles/CMakeTmp']
  ignore line: [/usr/bin/cmake -E cmake_progress_report /home/lele/zbarbeau/Codes/PadeOps/src/derivatives/CMakeFiles/CMakeTmp/CMakeFiles 1]
  ignore line: [Building C object CMakeFiles/cmTryCompileExec3235545658.dir/CMakeCCompilerABI.c.o]
  ignore line: [/opt/ohpc/pub/compiler/intel-18/compilers_and_libraries_2018.2.199/linux/mpi/intel64/bin_ohpc/mpicc    -o CMakeFiles/cmTryCompileExec3235545658.dir/CMakeCCompilerABI.c.o   -c /usr/share/cmake/Modules/CMakeCCompilerABI.c]
  ignore line: [Linking C executable cmTryCompileExec3235545658]
  ignore line: [/usr/bin/cmake -E cmake_link_script CMakeFiles/cmTryCompileExec3235545658.dir/link.txt --verbose=1]
  ignore line: [/opt/ohpc/pub/compiler/intel-18/compilers_and_libraries_2018.2.199/linux/mpi/intel64/bin_ohpc/mpicc     -v CMakeFiles/cmTryCompileExec3235545658.dir/CMakeCCompilerABI.c.o  -o cmTryCompileExec3235545658 -rdynamic  ]
  ignore line: [mpicc for the Intel(R) MPI Library 2018 Update 2 for Linux*]
  ignore line: [Copyright(C) 2003-2018, Intel Corporation.  All rights reserved.]
  ignore line: [icc version 18.0.2 (gcc version 4.8.5 compatibility)]
  ignore line: [/opt/ohpc/pub/compiler/intel-18/compilers_and_libraries_2018.2.199/linux/bin/intel64/mcpcom    -mGLOB_em64t=TRUE -mP1OPT_version=18.0-intel64 -mGLOB_diag_file=CMakeFiles/cmTryCompileExec3235545658.dir/CMakeCCompilerABI.c.diag -mGLOB_long_size_64 -mGLOB_routine_pointer_size_64 -mP1OPT_print_version=FALSE -mCG_use_gas_got_workaround=F -mP2OPT_align_option_used=TRUE -mGLOB_gcc_version=485 "-mGLOB_options_string=-I/opt/ohpc/pub/compiler/intel-18/compilers_and_libraries_2018.2.199/linux/mpi/intel64/include -v -o cmTryCompileExec3235545658 -rdynamic -L/opt/ohpc/pub/compiler/intel-18/compilers_and_libraries_2018.2.199/linux/mpi/intel64/lib/release_mt -L/opt/ohpc/pub/compiler/intel-18/compilers_and_libraries_2018.2.199/linux/mpi/intel64/lib -Xlinker --enable-new-dtags -Xlinker -rpath -Xlinker /opt/ohpc/pub/compiler/intel-18/compilers_and_libraries_2018.2.199/linux/mpi/intel64/lib/release_mt -Xlinker -rpath -Xlinker /opt/ohpc/pub/compiler/intel-18/compilers_and_libraries_2018.2.199/linux/mpi/intel64/lib -Xlinker -rpath -Xlinker /opt/intel/mpi-rt/2017.0.0/intel64/lib/release_mt -Xlinker -rpath -Xlinker /opt/intel/mpi-rt/2017.0.0/intel64/lib -lmpifort -lmpi -lmpigi -ldl -lrt -lpthread" -mGLOB_cxx_limited_range=FALSE -mCG_extend_parms=FALSE -mGLOB_compiler_bin_directory=/opt/ohpc/pub/compiler/intel-18/compilers_and_libraries_2018.2.199/linux/bin/intel64 -mGLOB_as_output_backup_file_name=/tmp/iccr0kuPfas_.s -mGLOB_dashboard_use_source_name -mIPOPT_activate -mGLOB_product_id_code=0x22006d92 -mP3OPT_use_mspp_call_convention -mP2OPT_subs_out_of_bound=FALSE -mP2OPT_disam_type_based_disam=2 -mP2OPT_disam_assume_ansi_c -mP2OPT_checked_disam_ansi_alias=TRUE -mGLOB_ansi_alias -mPGOPTI_value_profile_use=T -mGLOB_opt_report_use_source_name -mP2OPT_il0_array_sections=TRUE -mGLOB_offload_mode=1 -mP2OPT_offload_unique_var_string=icc20307260371d6dqV -mP2OPT_hlo -mP2OPT_hpo_rtt_control=0 -mIPOPT_args_in_regs=0 -mP2OPT_disam_assume_nonstd_intent_in=FALSE -mGLOB_imf_mapping_library=/opt/ohpc/pub/compiler/intel-18/compilers_and_libraries_2018.2.199/linux/bin/intel64/libiml_attr.so -mPGOPTI_gen_threadsafe_level=0 -mIPOPT_link -mIPOPT_ipo_activate -mIPOPT_mo_activate -mIPOPT_source_files_list=/tmp/iccslisRmT9KP -mIPOPT_mo_global_data -mIPOPT_link_script_file=/tmp/iccscriptNDzDrY "-mIPOPT_cmdline_link="/usr/lib/gcc/x86_64-redhat-linux/4.8.5/../../../../lib64/crt1.o" "/usr/lib/gcc/x86_64-redhat-linux/4.8.5/../../../../lib64/crti.o" "/usr/lib/gcc/x86_64-redhat-linux/4.8.5/crtbegin.o" "-export-dynamic" "--eh-frame-hdr" "--build-id" "-dynamic-linker" "/lib64/ld-linux-x86-64.so.2" "-m" "elf_x86_64" "-L/opt/ohpc/pub/compiler/intel-18/compilers_and_libraries_2018.2.199/linux/mpi/intel64/lib/release_mt" "-L/opt/ohpc/pub/compiler/intel-18/compilers_and_libraries_2018.2.199/linux/mpi/intel64/lib" "-o" "cmTryCompileExec3235545658" "-L/opt/ohpc/pub/compiler/intel-18/compilers_and_libraries_2018.2.199/linux/ipp/lib/intel64" "-L/opt/ohpc/pub/compiler/intel-18/compilers_and_libraries_2018.2.199/linux/compiler/lib/intel64_lin" "-L/opt/ohpc/pub/compiler/intel-18/compilers_and_libraries_2018.2.199/linux/mkl/lib/intel64_lin" "-L/opt/ohpc/pub/compiler/intel-18/compilers_and_libraries_2018.2.199/linux/tbb/lib/intel64/gcc4.1" "-L/opt/ohpc/pub/compiler/intel-18/compilers_and_libraries_2018.2.199/linux/daal/lib/intel64_lin" "-L/opt/ohpc/pub/compiler/intel-18/compilers_and_libraries_2018.2.199/linux/daal/../tbb/lib/intel64_lin/gcc4.4" "-L/opt/ohpc/pub/compiler/intel-18/compilers_and_libraries_2018.2.199/linux/compiler/lib/intel64_lin" "-L/usr/lib/gcc/x86_64-redhat-linux/4.8.5/" "-L/usr/lib/gcc/x86_64-redhat-linux/4.8.5/../../../../lib64" "-L/usr/lib/gcc/x86_64-redhat-linux/4.8.5/../../../../lib64/" "-L/lib/../lib64" "-L/lib/../lib64/" "-L/usr/lib/../lib64" "-L/usr/lib/../lib64/" "-L/opt/ohpc/pub/compiler/intel-18/compilers_and_libraries_2018.2.199/linux/ipp/lib/intel64/" "-L/opt/ohpc/pub/compiler/intel-18/compilers_and_libraries_2018.2.199/linux/compiler/lib/intel64_lin/" "-L/opt/ohpc/pub/compiler/intel-18/compilers_and_libraries_2018.2.199/linux/mkl/lib/intel64_lin/" "-L/opt/ohpc/pub/compiler/intel-18/compilers_and_libraries_2018.2.199/linux/tbb/lib/intel64/gcc4.1/" "-L/opt/ohpc/pub/compiler/intel-18/compilers_and_libraries_2018.2.199/linux/daal/lib/intel64_lin/" "-L/opt/ohpc/pub/compiler/intel-18/compilers_and_libraries_2018.2.199/linux/daal/../tbb/lib/intel64_lin/gcc4.4/" "-L/usr/lib/gcc/x86_64-redhat-linux/4.8.5/../../../" "-L/lib64" "-L/lib/" "-L/usr/lib64" "-L/usr/lib" "CMakeFiles/cmTryCompileExec3235545658.dir/CMakeCCompilerABI.c.o" "--enable-new-dtags" "-rpath" "/opt/ohpc/pub/compiler/intel-18/compilers_and_libraries_2018.2.199/linux/mpi/intel64/lib/release_mt" "-rpath" "/opt/ohpc/pub/compiler/intel-18/compilers_and_libraries_2018.2.199/linux/mpi/intel64/lib" "-rpath" "/opt/intel/mpi-rt/2017.0.0/intel64/lib/release_mt" "-rpath" "/opt/intel/mpi-rt/2017.0.0/intel64/lib" "-lmpifort" "-lmpi" "-lmpigi" "-ldl" "-lrt" "-lpthread" "-Bdynamic" "-Bstatic" "-limf" "-lsvml" "-lirng" "-Bdynamic" "-lm" "-Bstatic" "-lipgo" "-ldecimal" "--as-needed" "-Bdynamic" "-lcilkrts" "-lstdc++" "--no-as-needed" "-lgcc" "-lgcc_s" "-Bstatic" "-lirc" "-lsvml" "-Bdynamic" "-lc" "-lgcc" "-lgcc_s" "-Bstatic" "-lirc_s" "-Bdynamic" "-ldl" "-lc" "/usr/lib/gcc/x86_64-redhat-linux/4.8.5/crtend.o" "/usr/lib/gcc/x86_64-redhat-linux/4.8.5/../../../../lib64/crtn.o"" -mIPOPT_il_in_obj -mIPOPT_ipo_activate_warn=FALSE -mIPOPT_obj_output_file_name=/tmp/ipo_icc19xjEZ.o -mIPOPT_whole_archive_fixup_file_name=/tmp/iccwarchJxv7WF -mGLOB_linker_version=2.27 -mGLOB_driver_tempfile_name=/tmp/icctempfilePK0CFO -mP3OPT_asm_target=P3OPT_ASM_TARGET_GAS -mGLOB_async_unwind_tables=TRUE -mGLOB_obj_output_file=/tmp/ipo_icc19xjEZ.o -mGLOB_source_dialect=GLOB_SOURCE_DIALECT_NONE -mP1OPT_source_file_name=ipo_out.c CMakeFiles/cmTryCompileExec3235545658.dir/CMakeCCompilerABI.c.o -mIPOPT_object_files=T -mIPOPT_assembly_files=/tmp/iccalisFKZf1g -mIPOPT_generated_tempfiles=/tmp/iccelisvglJHp -mIPOPT_embedded_object_base_name=/tmp/icceobjpsMcoy -mIPOPT_cmdline_link_new_name=/tmp/iccllisf4iG4G]
  link line: [ld    /usr/lib/gcc/x86_64-redhat-linux/4.8.5/../../../../lib64/crt1.o /usr/lib/gcc/x86_64-redhat-linux/4.8.5/../../../../lib64/crti.o /usr/lib/gcc/x86_64-redhat-linux/4.8.5/crtbegin.o -export-dynamic --eh-frame-hdr --build-id -dynamic-linker /lib64/ld-linux-x86-64.so.2 -m elf_x86_64 -L/opt/ohpc/pub/compiler/intel-18/compilers_and_libraries_2018.2.199/linux/mpi/intel64/lib/release_mt -L/opt/ohpc/pub/compiler/intel-18/compilers_and_libraries_2018.2.199/linux/mpi/intel64/lib -o cmTryCompileExec3235545658 -L/opt/ohpc/pub/compiler/intel-18/compilers_and_libraries_2018.2.199/linux/ipp/lib/intel64 -L/opt/ohpc/pub/compiler/intel-18/compilers_and_libraries_2018.2.199/linux/compiler/lib/intel64_lin -L/opt/ohpc/pub/compiler/intel-18/compilers_and_libraries_2018.2.199/linux/mkl/lib/intel64_lin -L/opt/ohpc/pub/compiler/intel-18/compilers_and_libraries_2018.2.199/linux/tbb/lib/intel64/gcc4.1 -L/opt/ohpc/pub/compiler/intel-18/compilers_and_libraries_2018.2.199/linux/daal/lib/intel64_lin -L/opt/ohpc/pub/compiler/intel-18/compilers_and_libraries_2018.2.199/linux/daal/../tbb/lib/intel64_lin/gcc4.4 -L/opt/ohpc/pub/compiler/intel-18/compilers_and_libraries_2018.2.199/linux/compiler/lib/intel64_lin -L/usr/lib/gcc/x86_64-redhat-linux/4.8.5/ -L/usr/lib/gcc/x86_64-redhat-linux/4.8.5/../../../../lib64 -L/usr/lib/gcc/x86_64-redhat-linux/4.8.5/../../../../lib64/ -L/lib/../lib64 -L/lib/../lib64/ -L/usr/lib/../lib64 -L/usr/lib/../lib64/ -L/opt/ohpc/pub/compiler/intel-18/compilers_and_libraries_2018.2.199/linux/ipp/lib/intel64/ -L/opt/ohpc/pub/compiler/intel-18/compilers_and_libraries_2018.2.199/linux/compiler/lib/intel64_lin/ -L/opt/ohpc/pub/compiler/intel-18/compilers_and_libraries_2018.2.199/linux/mkl/lib/intel64_lin/ -L/opt/ohpc/pub/compiler/intel-18/compilers_and_libraries_2018.2.199/linux/tbb/lib/intel64/gcc4.1/ -L/opt/ohpc/pub/compiler/intel-18/compilers_and_libraries_2018.2.199/linux/daal/lib/intel64_lin/ -L/opt/ohpc/pub/compiler/intel-18/compilers_and_libraries_2018.2.199/linux/daal/../tbb/lib/intel64_lin/gcc4.4/ -L/usr/lib/gcc/x86_64-redhat-linux/4.8.5/../../../ -L/lib64 -L/lib/ -L/usr/lib64 -L/usr/lib CMakeFiles/cmTryCompileExec3235545658.dir/CMakeCCompilerABI.c.o --enable-new-dtags -rpath /opt/ohpc/pub/compiler/intel-18/compilers_and_libraries_2018.2.199/linux/mpi/intel64/lib/release_mt -rpath /opt/ohpc/pub/compiler/intel-18/compilers_and_libraries_2018.2.199/linux/mpi/intel64/lib -rpath /opt/intel/mpi-rt/2017.0.0/intel64/lib/release_mt -rpath /opt/intel/mpi-rt/2017.0.0/intel64/lib -lmpifort -lmpi -lmpigi -ldl -lrt -lpthread -Bdynamic -Bstatic -limf -lsvml -lirng -Bdynamic -lm -Bstatic -lipgo -ldecimal --as-needed -Bdynamic -lcilkrts -lstdc++ --no-as-needed -lgcc -lgcc_s -Bstatic -lirc -lsvml -Bdynamic -lc -lgcc -lgcc_s -Bstatic -lirc_s -Bdynamic -ldl -lc /usr/lib/gcc/x86_64-redhat-linux/4.8.5/crtend.o /usr/lib/gcc/x86_64-redhat-linux/4.8.5/../../../../lib64/crtn.o]
    arg [ld] ==> ignore
    arg [/usr/lib/gcc/x86_64-redhat-linux/4.8.5/../../../../lib64/crt1.o] ==> ignore
    arg [/usr/lib/gcc/x86_64-redhat-linux/4.8.5/../../../../lib64/crti.o] ==> ignore
    arg [/usr/lib/gcc/x86_64-redhat-linux/4.8.5/crtbegin.o] ==> ignore
    arg [-export-dynamic] ==> ignore
    arg [--eh-frame-hdr] ==> ignore
    arg [--build-id] ==> ignore
    arg [-dynamic-linker] ==> ignore
    arg [/lib64/ld-linux-x86-64.so.2] ==> ignore
    arg [-m] ==> ignore
    arg [elf_x86_64] ==> ignore
    arg [-L/opt/ohpc/pub/compiler/intel-18/compilers_and_libraries_2018.2.199/linux/mpi/intel64/lib/release_mt] ==> dir [/opt/ohpc/pub/compiler/intel-18/compilers_and_libraries_2018.2.199/linux/mpi/intel64/lib/release_mt]
    arg [-L/opt/ohpc/pub/compiler/intel-18/compilers_and_libraries_2018.2.199/linux/mpi/intel64/lib] ==> dir [/opt/ohpc/pub/compiler/intel-18/compilers_and_libraries_2018.2.199/linux/mpi/intel64/lib]
    arg [-o] ==> ignore
    arg [cmTryCompileExec3235545658] ==> ignore
    arg [-L/opt/ohpc/pub/compiler/intel-18/compilers_and_libraries_2018.2.199/linux/ipp/lib/intel64] ==> dir [/opt/ohpc/pub/compiler/intel-18/compilers_and_libraries_2018.2.199/linux/ipp/lib/intel64]
    arg [-L/opt/ohpc/pub/compiler/intel-18/compilers_and_libraries_2018.2.199/linux/compiler/lib/intel64_lin] ==> dir [/opt/ohpc/pub/compiler/intel-18/compilers_and_libraries_2018.2.199/linux/compiler/lib/intel64_lin]
    arg [-L/opt/ohpc/pub/compiler/intel-18/compilers_and_libraries_2018.2.199/linux/mkl/lib/intel64_lin] ==> dir [/opt/ohpc/pub/compiler/intel-18/compilers_and_libraries_2018.2.199/linux/mkl/lib/intel64_lin]
    arg [-L/opt/ohpc/pub/compiler/intel-18/compilers_and_libraries_2018.2.199/linux/tbb/lib/intel64/gcc4.1] ==> dir [/opt/ohpc/pub/compiler/intel-18/compilers_and_libraries_2018.2.199/linux/tbb/lib/intel64/gcc4.1]
    arg [-L/opt/ohpc/pub/compiler/intel-18/compilers_and_libraries_2018.2.199/linux/daal/lib/intel64_lin] ==> dir [/opt/ohpc/pub/compiler/intel-18/compilers_and_libraries_2018.2.199/linux/daal/lib/intel64_lin]
    arg [-L/opt/ohpc/pub/compiler/intel-18/compilers_and_libraries_2018.2.199/linux/daal/../tbb/lib/intel64_lin/gcc4.4] ==> dir [/opt/ohpc/pub/compiler/intel-18/compilers_and_libraries_2018.2.199/linux/daal/../tbb/lib/intel64_lin/gcc4.4]
    arg [-L/opt/ohpc/pub/compiler/intel-18/compilers_and_libraries_2018.2.199/linux/compiler/lib/intel64_lin] ==> dir [/opt/ohpc/pub/compiler/intel-18/compilers_and_libraries_2018.2.199/linux/compiler/lib/intel64_lin]
    arg [-L/usr/lib/gcc/x86_64-redhat-linux/4.8.5/] ==> dir [/usr/lib/gcc/x86_64-redhat-linux/4.8.5/]
    arg [-L/usr/lib/gcc/x86_64-redhat-linux/4.8.5/../../../../lib64] ==> dir [/usr/lib/gcc/x86_64-redhat-linux/4.8.5/../../../../lib64]
    arg [-L/usr/lib/gcc/x86_64-redhat-linux/4.8.5/../../../../lib64/] ==> dir [/usr/lib/gcc/x86_64-redhat-linux/4.8.5/../../../../lib64/]
    arg [-L/lib/../lib64] ==> dir [/lib/../lib64]
    arg [-L/lib/../lib64/] ==> dir [/lib/../lib64/]
    arg [-L/usr/lib/../lib64] ==> dir [/usr/lib/../lib64]
    arg [-L/usr/lib/../lib64/] ==> dir [/usr/lib/../lib64/]
    arg [-L/opt/ohpc/pub/compiler/intel-18/compilers_and_libraries_2018.2.199/linux/ipp/lib/intel64/] ==> dir [/opt/ohpc/pub/compiler/intel-18/compilers_and_libraries_2018.2.199/linux/ipp/lib/intel64/]
    arg [-L/opt/ohpc/pub/compiler/intel-18/compilers_and_libraries_2018.2.199/linux/compiler/lib/intel64_lin/] ==> dir [/opt/ohpc/pub/compiler/intel-18/compilers_and_libraries_2018.2.199/linux/compiler/lib/intel64_lin/]
    arg [-L/opt/ohpc/pub/compiler/intel-18/compilers_and_libraries_2018.2.199/linux/mkl/lib/intel64_lin/] ==> dir [/opt/ohpc/pub/compiler/intel-18/compilers_and_libraries_2018.2.199/linux/mkl/lib/intel64_lin/]
    arg [-L/opt/ohpc/pub/compiler/intel-18/compilers_and_libraries_2018.2.199/linux/tbb/lib/intel64/gcc4.1/] ==> dir [/opt/ohpc/pub/compiler/intel-18/compilers_and_libraries_2018.2.199/linux/tbb/lib/intel64/gcc4.1/]
    arg [-L/opt/ohpc/pub/compiler/intel-18/compilers_and_libraries_2018.2.199/linux/daal/lib/intel64_lin/] ==> dir [/opt/ohpc/pub/compiler/intel-18/compilers_and_libraries_2018.2.199/linux/daal/lib/intel64_lin/]
    arg [-L/opt/ohpc/pub/compiler/intel-18/compilers_and_libraries_2018.2.199/linux/daal/../tbb/lib/intel64_lin/gcc4.4/] ==> dir [/opt/ohpc/pub/compiler/intel-18/compilers_and_libraries_2018.2.199/linux/daal/../tbb/lib/intel64_lin/gcc4.4/]
    arg [-L/usr/lib/gcc/x86_64-redhat-linux/4.8.5/../../../] ==> dir [/usr/lib/gcc/x86_64-redhat-linux/4.8.5/../../../]
    arg [-L/lib64] ==> dir [/lib64]
    arg [-L/lib/] ==> dir [/lib/]
    arg [-L/usr/lib64] ==> dir [/usr/lib64]
    arg [-L/usr/lib] ==> dir [/usr/lib]
    arg [CMakeFiles/cmTryCompileExec3235545658.dir/CMakeCCompilerABI.c.o] ==> ignore
    arg [--enable-new-dtags] ==> ignore
    arg [-rpath] ==> ignore
    arg [/opt/ohpc/pub/compiler/intel-18/compilers_and_libraries_2018.2.199/linux/mpi/intel64/lib/release_mt] ==> ignore
    arg [-rpath] ==> ignore
    arg [/opt/ohpc/pub/compiler/intel-18/compilers_and_libraries_2018.2.199/linux/mpi/intel64/lib] ==> ignore
    arg [-rpath] ==> ignore
    arg [/opt/intel/mpi-rt/2017.0.0/intel64/lib/release_mt] ==> ignore
    arg [-rpath] ==> ignore
    arg [/opt/intel/mpi-rt/2017.0.0/intel64/lib] ==> ignore
    arg [-lmpifort] ==> lib [mpifort]
    arg [-lmpi] ==> lib [mpi]
    arg [-lmpigi] ==> lib [mpigi]
    arg [-ldl] ==> lib [dl]
    arg [-lrt] ==> lib [rt]
    arg [-lpthread] ==> lib [pthread]
    arg [-Bdynamic] ==> ignore
    arg [-Bstatic] ==> ignore
    arg [-limf] ==> lib [imf]
    arg [-lsvml] ==> lib [svml]
    arg [-lirng] ==> lib [irng]
    arg [-Bdynamic] ==> ignore
    arg [-lm] ==> lib [m]
    arg [-Bstatic] ==> ignore
    arg [-lipgo] ==> lib [ipgo]
    arg [-ldecimal] ==> lib [decimal]
    arg [--as-needed] ==> ignore
    arg [-Bdynamic] ==> ignore
    arg [-lcilkrts] ==> lib [cilkrts]
    arg [-lstdc++] ==> lib [stdc++]
    arg [--no-as-needed] ==> ignore
    arg [-lgcc] ==> lib [gcc]
    arg [-lgcc_s] ==> lib [gcc_s]
    arg [-Bstatic] ==> ignore
    arg [-lirc] ==> lib [irc]
    arg [-lsvml] ==> lib [svml]
    arg [-Bdynamic] ==> ignore
    arg [-lc] ==> lib [c]
    arg [-lgcc] ==> lib [gcc]
    arg [-lgcc_s] ==> lib [gcc_s]
    arg [-Bstatic] ==> ignore
    arg [-lirc_s] ==> lib [irc_s]
    arg [-Bdynamic] ==> ignore
    arg [-ldl] ==> lib [dl]
    arg [-lc] ==> lib [c]
    arg [/usr/lib/gcc/x86_64-redhat-linux/4.8.5/crtend.o] ==> ignore
    arg [/usr/lib/gcc/x86_64-redhat-linux/4.8.5/../../../../lib64/crtn.o] ==> ignore
  remove lib [gcc]
  remove lib [gcc_s]
  remove lib [gcc]
  remove lib [gcc_s]
  collapse library dir [/opt/ohpc/pub/compiler/intel-18/compilers_and_libraries_2018.2.199/linux/mpi/intel64/lib/release_mt] ==> [/opt/ohpc/pub/compiler/intel-18/compilers_and_libraries_2018.2.199/linux/mpi/intel64/lib/release_mt]
  collapse library dir [/opt/ohpc/pub/compiler/intel-18/compilers_and_libraries_2018.2.199/linux/mpi/intel64/lib] ==> [/opt/ohpc/pub/compiler/intel-18/compilers_and_libraries_2018.2.199/linux/mpi/intel64/lib]
  collapse library dir [/opt/ohpc/pub/compiler/intel-18/compilers_and_libraries_2018.2.199/linux/ipp/lib/intel64] ==> [/opt/ohpc/pub/compiler/intel-18/compilers_and_libraries_2018.2.199/linux/ipp/lib/intel64]
  collapse library dir [/opt/ohpc/pub/compiler/intel-18/compilers_and_libraries_2018.2.199/linux/compiler/lib/intel64_lin] ==> [/opt/ohpc/pub/compiler/intel-18/compilers_and_libraries_2018.2.199/linux/compiler/lib/intel64_lin]
  collapse library dir [/opt/ohpc/pub/compiler/intel-18/compilers_and_libraries_2018.2.199/linux/mkl/lib/intel64_lin] ==> [/opt/ohpc/pub/compiler/intel-18/compilers_and_libraries_2018.2.199/linux/mkl/lib/intel64_lin]
  collapse library dir [/opt/ohpc/pub/compiler/intel-18/compilers_and_libraries_2018.2.199/linux/tbb/lib/intel64/gcc4.1] ==> [/opt/ohpc/pub/compiler/intel-18/compilers_and_libraries_2018.2.199/linux/tbb/lib/intel64/gcc4.1]
  collapse library dir [/opt/ohpc/pub/compiler/intel-18/compilers_and_libraries_2018.2.199/linux/daal/lib/intel64_lin] ==> [/opt/ohpc/pub/compiler/intel-18/compilers_and_libraries_2018.2.199/linux/daal/lib/intel64_lin]
  collapse library dir [/opt/ohpc/pub/compiler/intel-18/compilers_and_libraries_2018.2.199/linux/daal/../tbb/lib/intel64_lin/gcc4.4] ==> [/opt/ohpc/pub/compiler/intel-18/compilers_and_libraries_2018.2.199/linux/tbb/lib/intel64_lin/gcc4.4]
  collapse library dir [/opt/ohpc/pub/compiler/intel-18/compilers_and_libraries_2018.2.199/linux/compiler/lib/intel64_lin] ==> [/opt/ohpc/pub/compiler/intel-18/compilers_and_libraries_2018.2.199/linux/compiler/lib/intel64_lin]
  collapse library dir [/usr/lib/gcc/x86_64-redhat-linux/4.8.5/] ==> [/usr/lib/gcc/x86_64-redhat-linux/4.8.5]
  collapse library dir [/usr/lib/gcc/x86_64-redhat-linux/4.8.5/../../../../lib64] ==> [/usr/lib64]
  collapse library dir [/usr/lib/gcc/x86_64-redhat-linux/4.8.5/../../../../lib64/] ==> [/usr/lib64]
  collapse library dir [/lib/../lib64] ==> [/lib64]
  collapse library dir [/lib/../lib64/] ==> [/lib64]
  collapse library dir [/usr/lib/../lib64] ==> [/usr/lib64]
  collapse library dir [/usr/lib/../lib64/] ==> [/usr/lib64]
  collapse library dir [/opt/ohpc/pub/compiler/intel-18/compilers_and_libraries_2018.2.199/linux/ipp/lib/intel64/] ==> [/opt/ohpc/pub/compiler/intel-18/compilers_and_libraries_2018.2.199/linux/ipp/lib/intel64]
  collapse library dir [/opt/ohpc/pub/compiler/intel-18/compilers_and_libraries_2018.2.199/linux/compiler/lib/intel64_lin/] ==> [/opt/ohpc/pub/compiler/intel-18/compilers_and_libraries_2018.2.199/linux/compiler/lib/intel64_lin]
  collapse library dir [/opt/ohpc/pub/compiler/intel-18/compilers_and_libraries_2018.2.199/linux/mkl/lib/intel64_lin/] ==> [/opt/ohpc/pub/compiler/intel-18/compilers_and_libraries_2018.2.199/linux/mkl/lib/intel64_lin]
  collapse library dir [/opt/ohpc/pub/compiler/intel-18/compilers_and_libraries_2018.2.199/linux/tbb/lib/intel64/gcc4.1/] ==> [/opt/ohpc/pub/compiler/intel-18/compilers_and_libraries_2018.2.199/linux/tbb/lib/intel64/gcc4.1]
  collapse library dir [/opt/ohpc/pub/compiler/intel-18/compilers_and_libraries_2018.2.199/linux/daal/lib/intel64_lin/] ==> [/opt/ohpc/pub/compiler/intel-18/compilers_and_libraries_2018.2.199/linux/daal/lib/intel64_lin]
  collapse library dir [/opt/ohpc/pub/compiler/intel-18/compilers_and_libraries_2018.2.199/linux/daal/../tbb/lib/intel64_lin/gcc4.4/] ==> [/opt/ohpc/pub/compiler/intel-18/compilers_and_libraries_2018.2.199/linux/tbb/lib/intel64_lin/gcc4.4]
  collapse library dir [/usr/lib/gcc/x86_64-redhat-linux/4.8.5/../../../] ==> [/usr/lib]
  collapse library dir [/lib64] ==> [/lib64]
  collapse library dir [/lib/] ==> [/lib]
  collapse library dir [/usr/lib64] ==> [/usr/lib64]
  collapse library dir [/usr/lib] ==> [/usr/lib]
  implicit libs: [mpifort;mpi;mpigi;dl;rt;pthread;imf;svml;irng;m;ipgo;decimal;cilkrts;stdc++;irc;svml;c;irc_s;dl;c]
  implicit dirs: [/opt/ohpc/pub/compiler/intel-18/compilers_and_libraries_2018.2.199/linux/mpi/intel64/lib/release_mt;/opt/ohpc/pub/compiler/intel-18/compilers_and_libraries_2018.2.199/linux/mpi/intel64/lib;/opt/ohpc/pub/compiler/intel-18/compilers_and_libraries_2018.2.199/linux/ipp/lib/intel64;/opt/ohpc/pub/compiler/intel-18/compilers_and_libraries_2018.2.199/linux/compiler/lib/intel64_lin;/opt/ohpc/pub/compiler/intel-18/compilers_and_libraries_2018.2.199/linux/mkl/lib/intel64_lin;/opt/ohpc/pub/compiler/intel-18/compilers_and_libraries_2018.2.199/linux/tbb/lib/intel64/gcc4.1;/opt/ohpc/pub/compiler/intel-18/compilers_and_libraries_2018.2.199/linux/daal/lib/intel64_lin;/opt/ohpc/pub/compiler/intel-18/compilers_and_libraries_2018.2.199/linux/tbb/lib/intel64_lin/gcc4.4;/usr/lib/gcc/x86_64-redhat-linux/4.8.5;/usr/lib64;/lib64;/usr/lib;/lib]
  implicit fwks: []


Determining if the CXX compiler works passed with the following output:
Change Dir: /home/lele/zbarbeau/Codes/PadeOps/src/derivatives/CMakeFiles/CMakeTmp

Run Build Command:/usr/bin/gmake "cmTryCompileExec676652260/fast"
/usr/bin/gmake -f CMakeFiles/cmTryCompileExec676652260.dir/build.make CMakeFiles/cmTryCompileExec676652260.dir/build
gmake[1]: Entering directory `/home/lele/zbarbeau/Codes/PadeOps/src/derivatives/CMakeFiles/CMakeTmp'
/usr/bin/cmake -E cmake_progress_report /home/lele/zbarbeau/Codes/PadeOps/src/derivatives/CMakeFiles/CMakeTmp/CMakeFiles 1
Building CXX object CMakeFiles/cmTryCompileExec676652260.dir/testCXXCompiler.cxx.o
/opt/ohpc/pub/compiler/intel-18/compilers_and_libraries_2018.2.199/linux/mpi/intel64/bin_ohpc/mpicxx     -o CMakeFiles/cmTryCompileExec676652260.dir/testCXXCompiler.cxx.o -c /home/lele/zbarbeau/Codes/PadeOps/src/derivatives/CMakeFiles/CMakeTmp/testCXXCompiler.cxx
Linking CXX executable cmTryCompileExec676652260
/usr/bin/cmake -E cmake_link_script CMakeFiles/cmTryCompileExec676652260.dir/link.txt --verbose=1
/opt/ohpc/pub/compiler/intel-18/compilers_and_libraries_2018.2.199/linux/mpi/intel64/bin_ohpc/mpicxx        CMakeFiles/cmTryCompileExec676652260.dir/testCXXCompiler.cxx.o  -o cmTryCompileExec676652260 -rdynamic 
gmake[1]: Leaving directory `/home/lele/zbarbeau/Codes/PadeOps/src/derivatives/CMakeFiles/CMakeTmp'


Detecting CXX compiler ABI info compiled with the following output:
Change Dir: /home/lele/zbarbeau/Codes/PadeOps/src/derivatives/CMakeFiles/CMakeTmp

Run Build Command:/usr/bin/gmake "cmTryCompileExec4024385139/fast"
/usr/bin/gmake -f CMakeFiles/cmTryCompileExec4024385139.dir/build.make CMakeFiles/cmTryCompileExec4024385139.dir/build
gmake[1]: Entering directory `/home/lele/zbarbeau/Codes/PadeOps/src/derivatives/CMakeFiles/CMakeTmp'
/usr/bin/cmake -E cmake_progress_report /home/lele/zbarbeau/Codes/PadeOps/src/derivatives/CMakeFiles/CMakeTmp/CMakeFiles 1
Building CXX object CMakeFiles/cmTryCompileExec4024385139.dir/CMakeCXXCompilerABI.cpp.o
/opt/ohpc/pub/compiler/intel-18/compilers_and_libraries_2018.2.199/linux/mpi/intel64/bin_ohpc/mpicxx     -o CMakeFiles/cmTryCompileExec4024385139.dir/CMakeCXXCompilerABI.cpp.o -c /usr/share/cmake/Modules/CMakeCXXCompilerABI.cpp
Linking CXX executable cmTryCompileExec4024385139
/usr/bin/cmake -E cmake_link_script CMakeFiles/cmTryCompileExec4024385139.dir/link.txt --verbose=1
/opt/ohpc/pub/compiler/intel-18/compilers_and_libraries_2018.2.199/linux/mpi/intel64/bin_ohpc/mpicxx      -v CMakeFiles/cmTryCompileExec4024385139.dir/CMakeCXXCompilerABI.cpp.o  -o cmTryCompileExec4024385139 -rdynamic  
mpicxx for the Intel(R) MPI Library 2018 Update 2 for Linux*
Copyright(C) 2003-2018, Intel Corporation.  All rights reserved.
icpc version 18.0.2 (gcc version 4.8.5 compatibility)
/opt/ohpc/pub/compiler/intel-18/compilers_and_libraries_2018.2.199/linux/bin/intel64/mcpcom    -mGLOB_em64t=TRUE -mP1OPT_version=18.0-intel64 -mGLOB_diag_file=CMakeFiles/cmTryCompileExec4024385139.dir/CMakeCXXCompilerABI.cpp.diag -mGLOB_long_size_64 -mGLOB_routine_pointer_size_64 -mP1OPT_print_version=FALSE -mCG_use_gas_got_workaround=F -mP2OPT_align_option_used=TRUE -mGLOB_gcc_version=485 "-mGLOB_options_string=-I/opt/ohpc/pub/compiler/intel-18/compilers_and_libraries_2018.2.199/linux/mpi/intel64/include -v -o cmTryCompileExec4024385139 -rdynamic -L/opt/ohpc/pub/compiler/intel-18/compilers_and_libraries_2018.2.199/linux/mpi/intel64/lib/release_mt -L/opt/ohpc/pub/compiler/intel-18/compilers_and_libraries_2018.2.199/linux/mpi/intel64/lib -Xlinker --enable-new-dtags -Xlinker -rpath -Xlinker /opt/ohpc/pub/compiler/intel-18/compilers_and_libraries_2018.2.199/linux/mpi/intel64/lib/release_mt -Xlinker -rpath -Xlinker /opt/ohpc/pub/compiler/intel-18/compilers_and_libraries_2018.2.199/linux/mpi/intel64/lib -Xlinker -rpath -Xlinker /opt/intel/mpi-rt/2017.0.0/intel64/lib/release_mt -Xlinker -rpath -Xlinker /opt/intel/mpi-rt/2017.0.0/intel64/lib -lmpicxx -lmpifort -lmpi -lmpigi -ldl -lrt -lpthread" -mGLOB_cxx_limited_range=FALSE -mCG_extend_parms=FALSE -mGLOB_compiler_bin_directory=/opt/ohpc/pub/compiler/intel-18/compilers_and_libraries_2018.2.199/linux/bin/intel64 -mGLOB_as_output_backup_file_name=/tmp/icpc7bKaLCas_.s -mGLOB_dashboard_use_source_name -mIPOPT_activate -mGLOB_product_id_code=0x22006d8f -mP3OPT_use_mspp_call_convention -mP2OPT_subs_out_of_bound=FALSE -mP2OPT_disam_type_based_disam=2 -mP2OPT_disam_assume_ansi_c -mP2OPT_checked_disam_ansi_alias=TRUE -mGLOB_ansi_alias -mPGOPTI_value_profile_use=T -mGLOB_opt_report_use_source_name -mP2OPT_il0_array_sections=TRUE -mGLOB_offload_mode=1 -mP2OPT_offload_unique_var_string=icpc0652624014Ud1TIo -mP2OPT_hlo -mP2OPT_hpo_rtt_control=0 -mIPOPT_args_in_regs=0 -mP2OPT_disam_assume_nonstd_intent_in=FALSE -mGLOB_imf_mapping_library=/opt/ohpc/pub/compiler/intel-18/compilers_and_libraries_2018.2.199/linux/bin/intel64/libiml_attr.so -mPGOPTI_gen_threadsafe_level=0 -mIPOPT_link -mIPOPT_ipo_activate -mIPOPT_mo_activate -mIPOPT_source_files_list=/tmp/icpcslis0VqIP1 -mIPOPT_mo_global_data -mIPOPT_link_script_file=/tmp/icpcscriptz33x8d "-mIPOPT_cmdline_link="/usr/lib/gcc/x86_64-redhat-linux/4.8.5/../../../../lib64/crt1.o" "/usr/lib/gcc/x86_64-redhat-linux/4.8.5/../../../../lib64/crti.o" "/usr/lib/gcc/x86_64-redhat-linux/4.8.5/crtbegin.o" "-export-dynamic" "--eh-frame-hdr" "--build-id" "-dynamic-linker" "/lib64/ld-linux-x86-64.so.2" "-m" "elf_x86_64" "-L/opt/ohpc/pub/compiler/intel-18/compilers_and_libraries_2018.2.199/linux/mpi/intel64/lib/release_mt" "-L/opt/ohpc/pub/compiler/intel-18/compilers_and_libraries_2018.2.199/linux/mpi/intel64/lib" "-o" "cmTryCompileExec4024385139" "-L/opt/ohpc/pub/compiler/intel-18/compilers_and_libraries_2018.2.199/linux/ipp/lib/intel64" "-L/opt/ohpc/pub/compiler/intel-18/compilers_and_libraries_2018.2.199/linux/compiler/lib/intel64_lin" "-L/opt/ohpc/pub/compiler/intel-18/compilers_and_libraries_2018.2.199/linux/mkl/lib/intel64_lin" "-L/opt/ohpc/pub/compiler/intel-18/compilers_and_libraries_2018.2.199/linux/tbb/lib/intel64/gcc4.1" "-L/opt/ohpc/pub/compiler/intel-18/compilers_and_libraries_2018.2.199/linux/daal/lib/intel64_lin" "-L/opt/ohpc/pub/compiler/intel-18/compilers_and_libraries_2018.2.199/linux/daal/../tbb/lib/intel64_lin/gcc4.4" "-L/opt/ohpc/pub/compiler/intel-18/compilers_and_libraries_2018.2.199/linux/compiler/lib/intel64_lin" "-L/usr/lib/gcc/x86_64-redhat-linux/4.8.5/" "-L/usr/lib/gcc/x86_64-redhat-linux/4.8.5/../../../../lib64" "-L/usr/lib/gcc/x86_64-redhat-linux/4.8.5/../../../../lib64/" "-L/lib/../lib64" "-L/lib/../lib64/" "-L/usr/lib/../lib64" "-L/usr/lib/../lib64/" "-L/opt/ohpc/pub/compiler/intel-18/compilers_and_libraries_2018.2.199/linux/ipp/lib/intel64/" "-L/opt/ohpc/pub/compiler/intel-18/compilers_and_libraries_2018.2.199/linux/compiler/lib/intel64_lin/" "-L/opt/ohpc/pub/compiler/intel-18/compilers_and_libraries_2018.2.199/linux/mkl/lib/intel64_lin/" "-L/opt/ohpc/pub/compiler/intel-18/compilers_and_libraries_2018.2.199/linux/tbb/lib/intel64/gcc4.1/" "-L/opt/ohpc/pub/compiler/intel-18/compilers_and_libraries_2018.2.199/linux/daal/lib/intel64_lin/" "-L/opt/ohpc/pub/compiler/intel-18/compilers_and_libraries_2018.2.199/linux/daal/../tbb/lib/intel64_lin/gcc4.4/" "-L/usr/lib/gcc/x86_64-redhat-linux/4.8.5/../../../" "-L/lib64" "-L/lib/" "-L/usr/lib64" "-L/usr/lib" "CMakeFiles/cmTryCompileExec4024385139.dir/CMakeCXXCompilerABI.cpp.o" "--enable-new-dtags" "-rpath" "/opt/ohpc/pub/compiler/intel-18/compilers_and_libraries_2018.2.199/linux/mpi/intel64/lib/release_mt" "-rpath" "/opt/ohpc/pub/compiler/intel-18/compilers_and_libraries_2018.2.199/linux/mpi/intel64/lib" "-rpath" "/opt/intel/mpi-rt/2017.0.0/intel64/lib/release_mt" "-rpath" "/opt/intel/mpi-rt/2017.0.0/intel64/lib" "-lmpicxx" "-lmpifort" "-lmpi" "-lmpigi" "-ldl" "-lrt" "-lpthread" "-Bdynamic" "-Bstatic" "-limf" "-lsvml" "-lirng" "-Bdynamic" "-lstdc++" "-lm" "-Bstatic" "-lipgo" "-ldecimal" "--as-needed" "-Bdynamic" "-lcilkrts" "--no-as-needed" "-lstdc++" "-lgcc" "-lgcc_s" "-Bstatic" "-lirc" "-lsvml" "-Bdynamic" "-lc" "-lgcc" "-lgcc_s" "-Bstatic" "-lirc_s" "-Bdynamic" "-ldl" "-lc" "/usr/lib/gcc/x86_64-redhat-linux/4.8.5/crtend.o" "/usr/lib/gcc/x86_64-redhat-linux/4.8.5/../../../../lib64/crtn.o"" -mIPOPT_il_in_obj -mIPOPT_ipo_activate_warn=FALSE -mIPOPT_obj_output_file_name=/tmp/ipo_icpcOBmK0P.o -mIPOPT_whole_archive_fixup_file_name=/tmp/icpcwarchwNt2Jd -mGLOB_linker_version=2.27 -mGLOB_driver_tempfile_name=/tmp/icpctempfilero0T4p -mP3OPT_asm_target=P3OPT_ASM_TARGET_GAS -mGLOB_async_unwind_tables=TRUE -mGLOB_obj_output_file=/tmp/ipo_icpcOBmK0P.o -mGLOB_source_dialect=GLOB_SOURCE_DIALECT_NONE -mP1OPT_source_file_name=ipo_out.c CMakeFiles/cmTryCompileExec4024385139.dir/CMakeCXXCompilerABI.cpp.o -mIPOPT_object_files=T -mIPOPT_assembly_files=/tmp/icpcalisgmIoCe -mIPOPT_generated_tempfiles=/tmp/icpcelisvG1dVq -mIPOPT_embedded_object_base_name=/tmp/icpceobjcCp3dD -mIPOPT_cmdline_link_new_name=/tmp/icpcllisPrTSwP
ld    /usr/lib/gcc/x86_64-redhat-linux/4.8.5/../../../../lib64/crt1.o /usr/lib/gcc/x86_64-redhat-linux/4.8.5/../../../../lib64/crti.o /usr/lib/gcc/x86_64-redhat-linux/4.8.5/crtbegin.o -export-dynamic --eh-frame-hdr --build-id -dynamic-linker /lib64/ld-linux-x86-64.so.2 -m elf_x86_64 -L/opt/ohpc/pub/compiler/intel-18/compilers_and_libraries_2018.2.199/linux/mpi/intel64/lib/release_mt -L/opt/ohpc/pub/compiler/intel-18/compilers_and_libraries_2018.2.199/linux/mpi/intel64/lib -o cmTryCompileExec4024385139 -L/opt/ohpc/pub/compiler/intel-18/compilers_and_libraries_2018.2.199/linux/ipp/lib/intel64 -L/opt/ohpc/pub/compiler/intel-18/compilers_and_libraries_2018.2.199/linux/compiler/lib/intel64_lin -L/opt/ohpc/pub/compiler/intel-18/compilers_and_libraries_2018.2.199/linux/mkl/lib/intel64_lin -L/opt/ohpc/pub/compiler/intel-18/compilers_and_libraries_2018.2.199/linux/tbb/lib/intel64/gcc4.1 -L/opt/ohpc/pub/compiler/intel-18/compilers_and_libraries_2018.2.199/linux/daal/lib/intel64_lin -L/opt/ohpc/pub/compiler/intel-18/compilers_and_libraries_2018.2.199/linux/daal/../tbb/lib/intel64_lin/gcc4.4 -L/opt/ohpc/pub/compiler/intel-18/compilers_and_libraries_2018.2.199/linux/compiler/lib/intel64_lin -L/usr/lib/gcc/x86_64-redhat-linux/4.8.5/ -L/usr/lib/gcc/x86_64-redhat-linux/4.8.5/../../../../lib64 -L/usr/lib/gcc/x86_64-redhat-linux/4.8.5/../../../../lib64/ -L/lib/../lib64 -L/lib/../lib64/ -L/usr/lib/../lib64 -L/usr/lib/../lib64/ -L/opt/ohpc/pub/compiler/intel-18/compilers_and_libraries_2018.2.199/linux/ipp/lib/intel64/ -L/opt/ohpc/pub/compiler/intel-18/compilers_and_libraries_2018.2.199/linux/compiler/lib/intel64_lin/ -L/opt/ohpc/pub/compiler/intel-18/compilers_and_libraries_2018.2.199/linux/mkl/lib/intel64_lin/ -L/opt/ohpc/pub/compiler/intel-18/compilers_and_libraries_2018.2.199/linux/tbb/lib/intel64/gcc4.1/ -L/opt/ohpc/pub/compiler/intel-18/compilers_and_libraries_2018.2.199/linux/daal/lib/intel64_lin/ -L/opt/ohpc/pub/compiler/intel-18/compilers_and_libraries_2018.2.199/linux/daal/../tbb/lib/intel64_lin/gcc4.4/ -L/usr/lib/gcc/x86_64-redhat-linux/4.8.5/../../../ -L/lib64 -L/lib/ -L/usr/lib64 -L/usr/lib CMakeFiles/cmTryCompileExec4024385139.dir/CMakeCXXCompilerABI.cpp.o --enable-new-dtags -rpath /opt/ohpc/pub/compiler/intel-18/compilers_and_libraries_2018.2.199/linux/mpi/intel64/lib/release_mt -rpath /opt/ohpc/pub/compiler/intel-18/compilers_and_libraries_2018.2.199/linux/mpi/intel64/lib -rpath /opt/intel/mpi-rt/2017.0.0/intel64/lib/release_mt -rpath /opt/intel/mpi-rt/2017.0.0/intel64/lib -lmpicxx -lmpifort -lmpi -lmpigi -ldl -lrt -lpthread -Bdynamic -Bstatic -limf -lsvml -lirng -Bdynamic -lstdc++ -lm -Bstatic -lipgo -ldecimal --as-needed -Bdynamic -lcilkrts --no-as-needed -lstdc++ -lgcc -lgcc_s -Bstatic -lirc -lsvml -Bdynamic -lc -lgcc -lgcc_s -Bstatic -lirc_s -Bdynamic -ldl -lc /usr/lib/gcc/x86_64-redhat-linux/4.8.5/crtend.o /usr/lib/gcc/x86_64-redhat-linux/4.8.5/../../../../lib64/crtn.o
gmake[1]: Leaving directory `/home/lele/zbarbeau/Codes/PadeOps/src/derivatives/CMakeFiles/CMakeTmp'


Parsed CXX implicit link information from above output:
  link line regex: [^( *|.*[/\])(ld|([^/\]+-)?ld|collect2)[^/\]*( |$)]
  ignore line: [Change Dir: /home/lele/zbarbeau/Codes/PadeOps/src/derivatives/CMakeFiles/CMakeTmp]
  ignore line: []
  ignore line: [Run Build Command:/usr/bin/gmake "cmTryCompileExec4024385139/fast"]
  ignore line: [/usr/bin/gmake -f CMakeFiles/cmTryCompileExec4024385139.dir/build.make CMakeFiles/cmTryCompileExec4024385139.dir/build]
  ignore line: [gmake[1]: Entering directory `/home/lele/zbarbeau/Codes/PadeOps/src/derivatives/CMakeFiles/CMakeTmp']
  ignore line: [/usr/bin/cmake -E cmake_progress_report /home/lele/zbarbeau/Codes/PadeOps/src/derivatives/CMakeFiles/CMakeTmp/CMakeFiles 1]
  ignore line: [Building CXX object CMakeFiles/cmTryCompileExec4024385139.dir/CMakeCXXCompilerABI.cpp.o]
  ignore line: [/opt/ohpc/pub/compiler/intel-18/compilers_and_libraries_2018.2.199/linux/mpi/intel64/bin_ohpc/mpicxx     -o CMakeFiles/cmTryCompileExec4024385139.dir/CMakeCXXCompilerABI.cpp.o -c /usr/share/cmake/Modules/CMakeCXXCompilerABI.cpp]
  ignore line: [Linking CXX executable cmTryCompileExec4024385139]
  ignore line: [/usr/bin/cmake -E cmake_link_script CMakeFiles/cmTryCompileExec4024385139.dir/link.txt --verbose=1]
  ignore line: [/opt/ohpc/pub/compiler/intel-18/compilers_and_libraries_2018.2.199/linux/mpi/intel64/bin_ohpc/mpicxx      -v CMakeFiles/cmTryCompileExec4024385139.dir/CMakeCXXCompilerABI.cpp.o  -o cmTryCompileExec4024385139 -rdynamic  ]
  ignore line: [mpicxx for the Intel(R) MPI Library 2018 Update 2 for Linux*]
  ignore line: [Copyright(C) 2003-2018, Intel Corporation.  All rights reserved.]
  ignore line: [icpc version 18.0.2 (gcc version 4.8.5 compatibility)]
  ignore line: [/opt/ohpc/pub/compiler/intel-18/compilers_and_libraries_2018.2.199/linux/bin/intel64/mcpcom    -mGLOB_em64t=TRUE -mP1OPT_version=18.0-intel64 -mGLOB_diag_file=CMakeFiles/cmTryCompileExec4024385139.dir/CMakeCXXCompilerABI.cpp.diag -mGLOB_long_size_64 -mGLOB_routine_pointer_size_64 -mP1OPT_print_version=FALSE -mCG_use_gas_got_workaround=F -mP2OPT_align_option_used=TRUE -mGLOB_gcc_version=485 "-mGLOB_options_string=-I/opt/ohpc/pub/compiler/intel-18/compilers_and_libraries_2018.2.199/linux/mpi/intel64/include -v -o cmTryCompileExec4024385139 -rdynamic -L/opt/ohpc/pub/compiler/intel-18/compilers_and_libraries_2018.2.199/linux/mpi/intel64/lib/release_mt -L/opt/ohpc/pub/compiler/intel-18/compilers_and_libraries_2018.2.199/linux/mpi/intel64/lib -Xlinker --enable-new-dtags -Xlinker -rpath -Xlinker /opt/ohpc/pub/compiler/intel-18/compilers_and_libraries_2018.2.199/linux/mpi/intel64/lib/release_mt -Xlinker -rpath -Xlinker /opt/ohpc/pub/compiler/intel-18/compilers_and_libraries_2018.2.199/linux/mpi/intel64/lib -Xlinker -rpath -Xlinker /opt/intel/mpi-rt/2017.0.0/intel64/lib/release_mt -Xlinker -rpath -Xlinker /opt/intel/mpi-rt/2017.0.0/intel64/lib -lmpicxx -lmpifort -lmpi -lmpigi -ldl -lrt -lpthread" -mGLOB_cxx_limited_range=FALSE -mCG_extend_parms=FALSE -mGLOB_compiler_bin_directory=/opt/ohpc/pub/compiler/intel-18/compilers_and_libraries_2018.2.199/linux/bin/intel64 -mGLOB_as_output_backup_file_name=/tmp/icpc7bKaLCas_.s -mGLOB_dashboard_use_source_name -mIPOPT_activate -mGLOB_product_id_code=0x22006d8f -mP3OPT_use_mspp_call_convention -mP2OPT_subs_out_of_bound=FALSE -mP2OPT_disam_type_based_disam=2 -mP2OPT_disam_assume_ansi_c -mP2OPT_checked_disam_ansi_alias=TRUE -mGLOB_ansi_alias -mPGOPTI_value_profile_use=T -mGLOB_opt_report_use_source_name -mP2OPT_il0_array_sections=TRUE -mGLOB_offload_mode=1 -mP2OPT_offload_unique_var_string=icpc0652624014Ud1TIo -mP2OPT_hlo -mP2OPT_hpo_rtt_control=0 -mIPOPT_args_in_regs=0 -mP2OPT_disam_assume_nonstd_intent_in=FALSE -mGLOB_imf_mapping_library=/opt/ohpc/pub/compiler/intel-18/compilers_and_libraries_2018.2.199/linux/bin/intel64/libiml_attr.so -mPGOPTI_gen_threadsafe_level=0 -mIPOPT_link -mIPOPT_ipo_activate -mIPOPT_mo_activate -mIPOPT_source_files_list=/tmp/icpcslis0VqIP1 -mIPOPT_mo_global_data -mIPOPT_link_script_file=/tmp/icpcscriptz33x8d "-mIPOPT_cmdline_link="/usr/lib/gcc/x86_64-redhat-linux/4.8.5/../../../../lib64/crt1.o" "/usr/lib/gcc/x86_64-redhat-linux/4.8.5/../../../../lib64/crti.o" "/usr/lib/gcc/x86_64-redhat-linux/4.8.5/crtbegin.o" "-export-dynamic" "--eh-frame-hdr" "--build-id" "-dynamic-linker" "/lib64/ld-linux-x86-64.so.2" "-m" "elf_x86_64" "-L/opt/ohpc/pub/compiler/intel-18/compilers_and_libraries_2018.2.199/linux/mpi/intel64/lib/release_mt" "-L/opt/ohpc/pub/compiler/intel-18/compilers_and_libraries_2018.2.199/linux/mpi/intel64/lib" "-o" "cmTryCompileExec4024385139" "-L/opt/ohpc/pub/compiler/intel-18/compilers_and_libraries_2018.2.199/linux/ipp/lib/intel64" "-L/opt/ohpc/pub/compiler/intel-18/compilers_and_libraries_2018.2.199/linux/compiler/lib/intel64_lin" "-L/opt/ohpc/pub/compiler/intel-18/compilers_and_libraries_2018.2.199/linux/mkl/lib/intel64_lin" "-L/opt/ohpc/pub/compiler/intel-18/compilers_and_libraries_2018.2.199/linux/tbb/lib/intel64/gcc4.1" "-L/opt/ohpc/pub/compiler/intel-18/compilers_and_libraries_2018.2.199/linux/daal/lib/intel64_lin" "-L/opt/ohpc/pub/compiler/intel-18/compilers_and_libraries_2018.2.199/linux/daal/../tbb/lib/intel64_lin/gcc4.4" "-L/opt/ohpc/pub/compiler/intel-18/compilers_and_libraries_2018.2.199/linux/compiler/lib/intel64_lin" "-L/usr/lib/gcc/x86_64-redhat-linux/4.8.5/" "-L/usr/lib/gcc/x86_64-redhat-linux/4.8.5/../../../../lib64" "-L/usr/lib/gcc/x86_64-redhat-linux/4.8.5/../../../../lib64/" "-L/lib/../lib64" "-L/lib/../lib64/" "-L/usr/lib/../lib64" "-L/usr/lib/../lib64/" "-L/opt/ohpc/pub/compiler/intel-18/compilers_and_libraries_2018.2.199/linux/ipp/lib/intel64/" "-L/opt/ohpc/pub/compiler/intel-18/compilers_and_libraries_2018.2.199/linux/compiler/lib/intel64_lin/" "-L/opt/ohpc/pub/compiler/intel-18/compilers_and_libraries_2018.2.199/linux/mkl/lib/intel64_lin/" "-L/opt/ohpc/pub/compiler/intel-18/compilers_and_libraries_2018.2.199/linux/tbb/lib/intel64/gcc4.1/" "-L/opt/ohpc/pub/compiler/intel-18/compilers_and_libraries_2018.2.199/linux/daal/lib/intel64_lin/" "-L/opt/ohpc/pub/compiler/intel-18/compilers_and_libraries_2018.2.199/linux/daal/../tbb/lib/intel64_lin/gcc4.4/" "-L/usr/lib/gcc/x86_64-redhat-linux/4.8.5/../../../" "-L/lib64" "-L/lib/" "-L/usr/lib64" "-L/usr/lib" "CMakeFiles/cmTryCompileExec4024385139.dir/CMakeCXXCompilerABI.cpp.o" "--enable-new-dtags" "-rpath" "/opt/ohpc/pub/compiler/intel-18/compilers_and_libraries_2018.2.199/linux/mpi/intel64/lib/release_mt" "-rpath" "/opt/ohpc/pub/compiler/intel-18/compilers_and_libraries_2018.2.199/linux/mpi/intel64/lib" "-rpath" "/opt/intel/mpi-rt/2017.0.0/intel64/lib/release_mt" "-rpath" "/opt/intel/mpi-rt/2017.0.0/intel64/lib" "-lmpicxx" "-lmpifort" "-lmpi" "-lmpigi" "-ldl" "-lrt" "-lpthread" "-Bdynamic" "-Bstatic" "-limf" "-lsvml" "-lirng" "-Bdynamic" "-lstdc++" "-lm" "-Bstatic" "-lipgo" "-ldecimal" "--as-needed" "-Bdynamic" "-lcilkrts" "--no-as-needed" "-lstdc++" "-lgcc" "-lgcc_s" "-Bstatic" "-lirc" "-lsvml" "-Bdynamic" "-lc" "-lgcc" "-lgcc_s" "-Bstatic" "-lirc_s" "-Bdynamic" "-ldl" "-lc" "/usr/lib/gcc/x86_64-redhat-linux/4.8.5/crtend.o" "/usr/lib/gcc/x86_64-redhat-linux/4.8.5/../../../../lib64/crtn.o"" -mIPOPT_il_in_obj -mIPOPT_ipo_activate_warn=FALSE -mIPOPT_obj_output_file_name=/tmp/ipo_icpcOBmK0P.o -mIPOPT_whole_archive_fixup_file_name=/tmp/icpcwarchwNt2Jd -mGLOB_linker_version=2.27 -mGLOB_driver_tempfile_name=/tmp/icpctempfilero0T4p -mP3OPT_asm_target=P3OPT_ASM_TARGET_GAS -mGLOB_async_unwind_tables=TRUE -mGLOB_obj_output_file=/tmp/ipo_icpcOBmK0P.o -mGLOB_source_dialect=GLOB_SOURCE_DIALECT_NONE -mP1OPT_source_file_name=ipo_out.c CMakeFiles/cmTryCompileExec4024385139.dir/CMakeCXXCompilerABI.cpp.o -mIPOPT_object_files=T -mIPOPT_assembly_files=/tmp/icpcalisgmIoCe -mIPOPT_generated_tempfiles=/tmp/icpcelisvG1dVq -mIPOPT_embedded_object_base_name=/tmp/icpceobjcCp3dD -mIPOPT_cmdline_link_new_name=/tmp/icpcllisPrTSwP]
  link line: [ld    /usr/lib/gcc/x86_64-redhat-linux/4.8.5/../../../../lib64/crt1.o /usr/lib/gcc/x86_64-redhat-linux/4.8.5/../../../../lib64/crti.o /usr/lib/gcc/x86_64-redhat-linux/4.8.5/crtbegin.o -export-dynamic --eh-frame-hdr --build-id -dynamic-linker /lib64/ld-linux-x86-64.so.2 -m elf_x86_64 -L/opt/ohpc/pub/compiler/intel-18/compilers_and_libraries_2018.2.199/linux/mpi/intel64/lib/release_mt -L/opt/ohpc/pub/compiler/intel-18/compilers_and_libraries_2018.2.199/linux/mpi/intel64/lib -o cmTryCompileExec4024385139 -L/opt/ohpc/pub/compiler/intel-18/compilers_and_libraries_2018.2.199/linux/ipp/lib/intel64 -L/opt/ohpc/pub/compiler/intel-18/compilers_and_libraries_2018.2.199/linux/compiler/lib/intel64_lin -L/opt/ohpc/pub/compiler/intel-18/compilers_and_libraries_2018.2.199/linux/mkl/lib/intel64_lin -L/opt/ohpc/pub/compiler/intel-18/compilers_and_libraries_2018.2.199/linux/tbb/lib/intel64/gcc4.1 -L/opt/ohpc/pub/compiler/intel-18/compilers_and_libraries_2018.2.199/linux/daal/lib/intel64_lin -L/opt/ohpc/pub/compiler/intel-18/compilers_and_libraries_2018.2.199/linux/daal/../tbb/lib/intel64_lin/gcc4.4 -L/opt/ohpc/pub/compiler/intel-18/compilers_and_libraries_2018.2.199/linux/compiler/lib/intel64_lin -L/usr/lib/gcc/x86_64-redhat-linux/4.8.5/ -L/usr/lib/gcc/x86_64-redhat-linux/4.8.5/../../../../lib64 -L/usr/lib/gcc/x86_64-redhat-linux/4.8.5/../../../../lib64/ -L/lib/../lib64 -L/lib/../lib64/ -L/usr/lib/../lib64 -L/usr/lib/../lib64/ -L/opt/ohpc/pub/compiler/intel-18/compilers_and_libraries_2018.2.199/linux/ipp/lib/intel64/ -L/opt/ohpc/pub/compiler/intel-18/compilers_and_libraries_2018.2.199/linux/compiler/lib/intel64_lin/ -L/opt/ohpc/pub/compiler/intel-18/compilers_and_libraries_2018.2.199/linux/mkl/lib/intel64_lin/ -L/opt/ohpc/pub/compiler/intel-18/compilers_and_libraries_2018.2.199/linux/tbb/lib/intel64/gcc4.1/ -L/opt/ohpc/pub/compiler/intel-18/compilers_and_libraries_2018.2.199/linux/daal/lib/intel64_lin/ -L/opt/ohpc/pub/compiler/intel-18/compilers_and_libraries_2018.2.199/linux/daal/../tbb/lib/intel64_lin/gcc4.4/ -L/usr/lib/gcc/x86_64-redhat-linux/4.8.5/../../../ -L/lib64 -L/lib/ -L/usr/lib64 -L/usr/lib CMakeFiles/cmTryCompileExec4024385139.dir/CMakeCXXCompilerABI.cpp.o --enable-new-dtags -rpath /opt/ohpc/pub/compiler/intel-18/compilers_and_libraries_2018.2.199/linux/mpi/intel64/lib/release_mt -rpath /opt/ohpc/pub/compiler/intel-18/compilers_and_libraries_2018.2.199/linux/mpi/intel64/lib -rpath /opt/intel/mpi-rt/2017.0.0/intel64/lib/release_mt -rpath /opt/intel/mpi-rt/2017.0.0/intel64/lib -lmpicxx -lmpifort -lmpi -lmpigi -ldl -lrt -lpthread -Bdynamic -Bstatic -limf -lsvml -lirng -Bdynamic -lstdc++ -lm -Bstatic -lipgo -ldecimal --as-needed -Bdynamic -lcilkrts --no-as-needed -lstdc++ -lgcc -lgcc_s -Bstatic -lirc -lsvml -Bdynamic -lc -lgcc -lgcc_s -Bstatic -lirc_s -Bdynamic -ldl -lc /usr/lib/gcc/x86_64-redhat-linux/4.8.5/crtend.o /usr/lib/gcc/x86_64-redhat-linux/4.8.5/../../../../lib64/crtn.o]
    arg [ld] ==> ignore
    arg [/usr/lib/gcc/x86_64-redhat-linux/4.8.5/../../../../lib64/crt1.o] ==> ignore
    arg [/usr/lib/gcc/x86_64-redhat-linux/4.8.5/../../../../lib64/crti.o] ==> ignore
    arg [/usr/lib/gcc/x86_64-redhat-linux/4.8.5/crtbegin.o] ==> ignore
    arg [-export-dynamic] ==> ignore
    arg [--eh-frame-hdr] ==> ignore
    arg [--build-id] ==> ignore
    arg [-dynamic-linker] ==> ignore
    arg [/lib64/ld-linux-x86-64.so.2] ==> ignore
    arg [-m] ==> ignore
    arg [elf_x86_64] ==> ignore
    arg [-L/opt/ohpc/pub/compiler/intel-18/compilers_and_libraries_2018.2.199/linux/mpi/intel64/lib/release_mt] ==> dir [/opt/ohpc/pub/compiler/intel-18/compilers_and_libraries_2018.2.199/linux/mpi/intel64/lib/release_mt]
    arg [-L/opt/ohpc/pub/compiler/intel-18/compilers_and_libraries_2018.2.199/linux/mpi/intel64/lib] ==> dir [/opt/ohpc/pub/compiler/intel-18/compilers_and_libraries_2018.2.199/linux/mpi/intel64/lib]
    arg [-o] ==> ignore
    arg [cmTryCompileExec4024385139] ==> ignore
    arg [-L/opt/ohpc/pub/compiler/intel-18/compilers_and_libraries_2018.2.199/linux/ipp/lib/intel64] ==> dir [/opt/ohpc/pub/compiler/intel-18/compilers_and_libraries_2018.2.199/linux/ipp/lib/intel64]
    arg [-L/opt/ohpc/pub/compiler/intel-18/compilers_and_libraries_2018.2.199/linux/compiler/lib/intel64_lin] ==> dir [/opt/ohpc/pub/compiler/intel-18/compilers_and_libraries_2018.2.199/linux/compiler/lib/intel64_lin]
    arg [-L/opt/ohpc/pub/compiler/intel-18/compilers_and_libraries_2018.2.199/linux/mkl/lib/intel64_lin] ==> dir [/opt/ohpc/pub/compiler/intel-18/compilers_and_libraries_2018.2.199/linux/mkl/lib/intel64_lin]
    arg [-L/opt/ohpc/pub/compiler/intel-18/compilers_and_libraries_2018.2.199/linux/tbb/lib/intel64/gcc4.1] ==> dir [/opt/ohpc/pub/compiler/intel-18/compilers_and_libraries_2018.2.199/linux/tbb/lib/intel64/gcc4.1]
    arg [-L/opt/ohpc/pub/compiler/intel-18/compilers_and_libraries_2018.2.199/linux/daal/lib/intel64_lin] ==> dir [/opt/ohpc/pub/compiler/intel-18/compilers_and_libraries_2018.2.199/linux/daal/lib/intel64_lin]
    arg [-L/opt/ohpc/pub/compiler/intel-18/compilers_and_libraries_2018.2.199/linux/daal/../tbb/lib/intel64_lin/gcc4.4] ==> dir [/opt/ohpc/pub/compiler/intel-18/compilers_and_libraries_2018.2.199/linux/daal/../tbb/lib/intel64_lin/gcc4.4]
    arg [-L/opt/ohpc/pub/compiler/intel-18/compilers_and_libraries_2018.2.199/linux/compiler/lib/intel64_lin] ==> dir [/opt/ohpc/pub/compiler/intel-18/compilers_and_libraries_2018.2.199/linux/compiler/lib/intel64_lin]
    arg [-L/usr/lib/gcc/x86_64-redhat-linux/4.8.5/] ==> dir [/usr/lib/gcc/x86_64-redhat-linux/4.8.5/]
    arg [-L/usr/lib/gcc/x86_64-redhat-linux/4.8.5/../../../../lib64] ==> dir [/usr/lib/gcc/x86_64-redhat-linux/4.8.5/../../../../lib64]
    arg [-L/usr/lib/gcc/x86_64-redhat-linux/4.8.5/../../../../lib64/] ==> dir [/usr/lib/gcc/x86_64-redhat-linux/4.8.5/../../../../lib64/]
    arg [-L/lib/../lib64] ==> dir [/lib/../lib64]
    arg [-L/lib/../lib64/] ==> dir [/lib/../lib64/]
    arg [-L/usr/lib/../lib64] ==> dir [/usr/lib/../lib64]
    arg [-L/usr/lib/../lib64/] ==> dir [/usr/lib/../lib64/]
    arg [-L/opt/ohpc/pub/compiler/intel-18/compilers_and_libraries_2018.2.199/linux/ipp/lib/intel64/] ==> dir [/opt/ohpc/pub/compiler/intel-18/compilers_and_libraries_2018.2.199/linux/ipp/lib/intel64/]
    arg [-L/opt/ohpc/pub/compiler/intel-18/compilers_and_libraries_2018.2.199/linux/compiler/lib/intel64_lin/] ==> dir [/opt/ohpc/pub/compiler/intel-18/compilers_and_libraries_2018.2.199/linux/compiler/lib/intel64_lin/]
    arg [-L/opt/ohpc/pub/compiler/intel-18/compilers_and_libraries_2018.2.199/linux/mkl/lib/intel64_lin/] ==> dir [/opt/ohpc/pub/compiler/intel-18/compilers_and_libraries_2018.2.199/linux/mkl/lib/intel64_lin/]
    arg [-L/opt/ohpc/pub/compiler/intel-18/compilers_and_libraries_2018.2.199/linux/tbb/lib/intel64/gcc4.1/] ==> dir [/opt/ohpc/pub/compiler/intel-18/compilers_and_libraries_2018.2.199/linux/tbb/lib/intel64/gcc4.1/]
    arg [-L/opt/ohpc/pub/compiler/intel-18/compilers_and_libraries_2018.2.199/linux/daal/lib/intel64_lin/] ==> dir [/opt/ohpc/pub/compiler/intel-18/compilers_and_libraries_2018.2.199/linux/daal/lib/intel64_lin/]
    arg [-L/opt/ohpc/pub/compiler/intel-18/compilers_and_libraries_2018.2.199/linux/daal/../tbb/lib/intel64_lin/gcc4.4/] ==> dir [/opt/ohpc/pub/compiler/intel-18/compilers_and_libraries_2018.2.199/linux/daal/../tbb/lib/intel64_lin/gcc4.4/]
    arg [-L/usr/lib/gcc/x86_64-redhat-linux/4.8.5/../../../] ==> dir [/usr/lib/gcc/x86_64-redhat-linux/4.8.5/../../../]
    arg [-L/lib64] ==> dir [/lib64]
    arg [-L/lib/] ==> dir [/lib/]
    arg [-L/usr/lib64] ==> dir [/usr/lib64]
    arg [-L/usr/lib] ==> dir [/usr/lib]
    arg [CMakeFiles/cmTryCompileExec4024385139.dir/CMakeCXXCompilerABI.cpp.o] ==> ignore
    arg [--enable-new-dtags] ==> ignore
    arg [-rpath] ==> ignore
    arg [/opt/ohpc/pub/compiler/intel-18/compilers_and_libraries_2018.2.199/linux/mpi/intel64/lib/release_mt] ==> ignore
    arg [-rpath] ==> ignore
    arg [/opt/ohpc/pub/compiler/intel-18/compilers_and_libraries_2018.2.199/linux/mpi/intel64/lib] ==> ignore
    arg [-rpath] ==> ignore
    arg [/opt/intel/mpi-rt/2017.0.0/intel64/lib/release_mt] ==> ignore
    arg [-rpath] ==> ignore
    arg [/opt/intel/mpi-rt/2017.0.0/intel64/lib] ==> ignore
    arg [-lmpicxx] ==> lib [mpicxx]
    arg [-lmpifort] ==> lib [mpifort]
    arg [-lmpi] ==> lib [mpi]
    arg [-lmpigi] ==> lib [mpigi]
    arg [-ldl] ==> lib [dl]
    arg [-lrt] ==> lib [rt]
    arg [-lpthread] ==> lib [pthread]
    arg [-Bdynamic] ==> ignore
    arg [-Bstatic] ==> ignore
    arg [-limf] ==> lib [imf]
    arg [-lsvml] ==> lib [svml]
    arg [-lirng] ==> lib [irng]
    arg [-Bdynamic] ==> ignore
    arg [-lstdc++] ==> lib [stdc++]
    arg [-lm] ==> lib [m]
    arg [-Bstatic] ==> ignore
    arg [-lipgo] ==> lib [ipgo]
    arg [-ldecimal] ==> lib [decimal]
    arg [--as-needed] ==> ignore
    arg [-Bdynamic] ==> ignore
    arg [-lcilkrts] ==> lib [cilkrts]
    arg [--no-as-needed] ==> ignore
    arg [-lstdc++] ==> lib [stdc++]
    arg [-lgcc] ==> lib [gcc]
    arg [-lgcc_s] ==> lib [gcc_s]
    arg [-Bstatic] ==> ignore
    arg [-lirc] ==> lib [irc]
    arg [-lsvml] ==> lib [svml]
    arg [-Bdynamic] ==> ignore
    arg [-lc] ==> lib [c]
    arg [-lgcc] ==> lib [gcc]
    arg [-lgcc_s] ==> lib [gcc_s]
    arg [-Bstatic] ==> ignore
    arg [-lirc_s] ==> lib [irc_s]
    arg [-Bdynamic] ==> ignore
    arg [-ldl] ==> lib [dl]
    arg [-lc] ==> lib [c]
    arg [/usr/lib/gcc/x86_64-redhat-linux/4.8.5/crtend.o] ==> ignore
    arg [/usr/lib/gcc/x86_64-redhat-linux/4.8.5/../../../../lib64/crtn.o] ==> ignore
  remove lib [gcc]
  remove lib [gcc_s]
  remove lib [gcc]
  remove lib [gcc_s]
  collapse library dir [/opt/ohpc/pub/compiler/intel-18/compilers_and_libraries_2018.2.199/linux/mpi/intel64/lib/release_mt] ==> [/opt/ohpc/pub/compiler/intel-18/compilers_and_libraries_2018.2.199/linux/mpi/intel64/lib/release_mt]
  collapse library dir [/opt/ohpc/pub/compiler/intel-18/compilers_and_libraries_2018.2.199/linux/mpi/intel64/lib] ==> [/opt/ohpc/pub/compiler/intel-18/compilers_and_libraries_2018.2.199/linux/mpi/intel64/lib]
  collapse library dir [/opt/ohpc/pub/compiler/intel-18/compilers_and_libraries_2018.2.199/linux/ipp/lib/intel64] ==> [/opt/ohpc/pub/compiler/intel-18/compilers_and_libraries_2018.2.199/linux/ipp/lib/intel64]
  collapse library dir [/opt/ohpc/pub/compiler/intel-18/compilers_and_libraries_2018.2.199/linux/compiler/lib/intel64_lin] ==> [/opt/ohpc/pub/compiler/intel-18/compilers_and_libraries_2018.2.199/linux/compiler/lib/intel64_lin]
  collapse library dir [/opt/ohpc/pub/compiler/intel-18/compilers_and_libraries_2018.2.199/linux/mkl/lib/intel64_lin] ==> [/opt/ohpc/pub/compiler/intel-18/compilers_and_libraries_2018.2.199/linux/mkl/lib/intel64_lin]
  collapse library dir [/opt/ohpc/pub/compiler/intel-18/compilers_and_libraries_2018.2.199/linux/tbb/lib/intel64/gcc4.1] ==> [/opt/ohpc/pub/compiler/intel-18/compilers_and_libraries_2018.2.199/linux/tbb/lib/intel64/gcc4.1]
  collapse library dir [/opt/ohpc/pub/compiler/intel-18/compilers_and_libraries_2018.2.199/linux/daal/lib/intel64_lin] ==> [/opt/ohpc/pub/compiler/intel-18/compilers_and_libraries_2018.2.199/linux/daal/lib/intel64_lin]
  collapse library dir [/opt/ohpc/pub/compiler/intel-18/compilers_and_libraries_2018.2.199/linux/daal/../tbb/lib/intel64_lin/gcc4.4] ==> [/opt/ohpc/pub/compiler/intel-18/compilers_and_libraries_2018.2.199/linux/tbb/lib/intel64_lin/gcc4.4]
  collapse library dir [/opt/ohpc/pub/compiler/intel-18/compilers_and_libraries_2018.2.199/linux/compiler/lib/intel64_lin] ==> [/opt/ohpc/pub/compiler/intel-18/compilers_and_libraries_2018.2.199/linux/compiler/lib/intel64_lin]
  collapse library dir [/usr/lib/gcc/x86_64-redhat-linux/4.8.5/] ==> [/usr/lib/gcc/x86_64-redhat-linux/4.8.5]
  collapse library dir [/usr/lib/gcc/x86_64-redhat-linux/4.8.5/../../../../lib64] ==> [/usr/lib64]
  collapse library dir [/usr/lib/gcc/x86_64-redhat-linux/4.8.5/../../../../lib64/] ==> [/usr/lib64]
  collapse library dir [/lib/../lib64] ==> [/lib64]
  collapse library dir [/lib/../lib64/] ==> [/lib64]
  collapse library dir [/usr/lib/../lib64] ==> [/usr/lib64]
  collapse library dir [/usr/lib/../lib64/] ==> [/usr/lib64]
  collapse library dir [/opt/ohpc/pub/compiler/intel-18/compilers_and_libraries_2018.2.199/linux/ipp/lib/intel64/] ==> [/opt/ohpc/pub/compiler/intel-18/compilers_and_libraries_2018.2.199/linux/ipp/lib/intel64]
  collapse library dir [/opt/ohpc/pub/compiler/intel-18/compilers_and_libraries_2018.2.199/linux/compiler/lib/intel64_lin/] ==> [/opt/ohpc/pub/compiler/intel-18/compilers_and_libraries_2018.2.199/linux/compiler/lib/intel64_lin]
  collapse library dir [/opt/ohpc/pub/compiler/intel-18/compilers_and_libraries_2018.2.199/linux/mkl/lib/intel64_lin/] ==> [/opt/ohpc/pub/compiler/intel-18/compilers_and_libraries_2018.2.199/linux/mkl/lib/intel64_lin]
  collapse library dir [/opt/ohpc/pub/compiler/intel-18/compilers_and_libraries_2018.2.199/linux/tbb/lib/intel64/gcc4.1/] ==> [/opt/ohpc/pub/compiler/intel-18/compilers_and_libraries_2018.2.199/linux/tbb/lib/intel64/gcc4.1]
  collapse library dir [/opt/ohpc/pub/compiler/intel-18/compilers_and_libraries_2018.2.199/linux/daal/lib/intel64_lin/] ==> [/opt/ohpc/pub/compiler/intel-18/compilers_and_libraries_2018.2.199/linux/daal/lib/intel64_lin]
  collapse library dir [/opt/ohpc/pub/compiler/intel-18/compilers_and_libraries_2018.2.199/linux/daal/../tbb/lib/intel64_lin/gcc4.4/] ==> [/opt/ohpc/pub/compiler/intel-18/compilers_and_libraries_2018.2.199/linux/tbb/lib/intel64_lin/gcc4.4]
  collapse library dir [/usr/lib/gcc/x86_64-redhat-linux/4.8.5/../../../] ==> [/usr/lib]
  collapse library dir [/lib64] ==> [/lib64]
  collapse library dir [/lib/] ==> [/lib]
  collapse library dir [/usr/lib64] ==> [/usr/lib64]
  collapse library dir [/usr/lib] ==> [/usr/lib]
  implicit libs: [mpicxx;mpifort;mpi;mpigi;dl;rt;pthread;imf;svml;irng;stdc++;m;ipgo;decimal;cilkrts;stdc++;irc;svml;c;irc_s;dl;c]
  implicit dirs: [/opt/ohpc/pub/compiler/intel-18/compilers_and_libraries_2018.2.199/linux/mpi/intel64/lib/release_mt;/opt/ohpc/pub/compiler/intel-18/compilers_and_libraries_2018.2.199/linux/mpi/intel64/lib;/opt/ohpc/pub/compiler/intel-18/compilers_and_libraries_2018.2.199/linux/ipp/lib/intel64;/opt/ohpc/pub/compiler/intel-18/compilers_and_libraries_2018.2.199/linux/compiler/lib/intel64_lin;/opt/ohpc/pub/compiler/intel-18/compilers_and_libraries_2018.2.199/linux/mkl/lib/intel64_lin;/opt/ohpc/pub/compiler/intel-18/compilers_and_libraries_2018.2.199/linux/tbb/lib/intel64/gcc4.1;/opt/ohpc/pub/compiler/intel-18/compilers_and_libraries_2018.2.199/linux/daal/lib/intel64_lin;/opt/ohpc/pub/compiler/intel-18/compilers_and_libraries_2018.2.199/linux/tbb/lib/intel64_lin/gcc4.4;/usr/lib/gcc/x86_64-redhat-linux/4.8.5;/usr/lib64;/lib64;/usr/lib;/lib]
  implicit fwks: []


